[Sun Mar 19 17:58:59.885881 2023] [mpm_winnt:notice] [pid 948:tid 408] AH00455: Apache/2.4.53 (Win64) PHP/8.1.6 configured -- resuming normal operations
[Sun Mar 19 17:58:59.885881 2023] [mpm_winnt:notice] [pid 948:tid 408] AH00456: Apache Lounge VS16 Server built: May  4 2022 10:41:15
[Sun Mar 19 17:58:59.885881 2023] [core:notice] [pid 948:tid 408] AH00094: Command line: 'C:\\Apache24\\bin\\httpd.exe -d C:/Apache24'
[Sun Mar 19 17:58:59.885881 2023] [mpm_winnt:notice] [pid 948:tid 408] AH00418: Parent: Created child process 3796
Apache server shutdown initiated...
pm_winnt:notice] [pid 3796:tid 412] AH00354: Child: Starting 64 worker threads.
[Sun Mar 19 18:00:52.851704 2023] [mpm_winnt:notice] [pid 948:tid 408] AH00422: Parent: Received shutdown signal -- Shutting down the server.
[Sun Mar 19 18:01:10.154493 2023] [mpm_winnt:notice] [pid 3796:tid 412] AH00364: Child: All worker threads have exited.
[Sun Mar 19 18:19:04.683549 2023] [core:warn] [pid 7144:tid 408] AH00098: pid file C:/Apache24/logs/httpd.pid overwritten -- Unclean shutdown of previous Apache run?
[Sun Mar 19 18:19:04.699118 2023] [mpm_winnt:notice] [pid 7144:tid 408] AH00455: Apache/2.4.53 (Win64) PHP/8.1.6 configured -- resuming normal operations
[Sun Mar 19 18:19:04.699118 2023] [mpm_winnt:notice] [pid 7144:tid 408] AH00456: Apache Lounge VS16 Server built: May  4 2022 10:41:15
[Sun Mar 19 18:19:04.699118 2023] [core:notice] [pid 7144:tid 408] AH00094: Command line: 'C:\\Apache24\\bin\\httpd.exe -d C:/Apache24'
[Sun Mar 19 18:19:04.702325 2023] [mpm_winnt:notice] [pid 7144:tid 408] AH00418: Parent: Created child process 11448
Apache server shutdown initiated...
pm_winnt:notice] [pid 11448:tid 412] AH00354: Child: Starting 64 worker threads.
[Sun Mar 19 18:19:10.905927 2023] [php:error] [pid 11448:tid 1116] [client ::1:62547] script 'C:/localhost/photo.php' not found or unable to stat, referer: http://localhost/news.php
[Sun Mar 19 18:19:12.427988 2023] [php:error] [pid 11448:tid 1116] [client ::1:62547] script 'C:/localhost/photo.php' not found or unable to stat, referer: http://localhost/news.php
[Sun Mar 19 18:19:15.676739 2023] [php:warn] [pid 11448:tid 1116] [client ::1:62547] PHP Warning:  session_start(): Session cannot be started after headers have already been sent in C:\\localhost\\index.php on line 149
[Sun Mar 19 18:19:15.676739 2023] [php:error] [pid 11448:tid 1116] [client ::1:62547] PHP Fatal error:  Uncaught mysqli_sql_exception: Table 'gky.photo_content' doesn't exist in C:\\localhost\\index.php:157\nStack trace:\n#0 C:\\localhost\\index.php(157): mysqli_query(Object(mysqli), 'SELECT * FROM p...')\n#1 {main}\n  thrown in C:\\localhost\\index.php on line 157
[Sun Mar 19 18:19:18.259644 2023] [php:warn] [pid 11448:tid 1116] [client ::1:62547] PHP Warning:  session_start(): Session cannot be started after headers have already been sent in C:\\localhost\\index.php on line 149
[Sun Mar 19 18:19:18.275155 2023] [php:error] [pid 11448:tid 1116] [client ::1:62547] PHP Fatal error:  Uncaught mysqli_sql_exception: Table 'gky.photo_content' doesn't exist in C:\\localhost\\index.php:157\nStack trace:\n#0 C:\\localhost\\index.php(157): mysqli_query(Object(mysqli), 'SELECT * FROM p...')\n#1 {main}\n  thrown in C:\\localhost\\index.php on line 157
[Sun Mar 19 18:20:47.968399 2023] [php:warn] [pid 11448:tid 1104] [client ::1:62606] PHP Warning:  session_start(): Session cannot be started after headers have already been sent in C:\\localhost\\index.php on line 149
[Sun Mar 19 18:20:47.970403 2023] [php:error] [pid 11448:tid 1104] [client ::1:62606] PHP Fatal error:  Uncaught mysqli_sql_exception: Unknown column 'url' in 'field list' in C:\\localhost\\index.php:161\nStack trace:\n#0 C:\\localhost\\index.php(161): mysqli_query(Object(mysqli), 'SELECT url FROM...')\n#1 {main}\n  thrown in C:\\localhost\\index.php on line 161
[Sun Mar 19 21:13:57.434776 2023] [php:warn] [pid 11448:tid 1116] [client ::1:53388] PHP Warning:  session_start(): Session cannot be started after headers have already been sent in C:\\localhost\\index.php on line 149
[Sun Mar 19 21:14:46.037293 2023] [php:warn] [pid 11448:tid 1092] [client ::1:53389] PHP Warning:  session_start(): Session cannot be started after headers have already been sent in C:\\localhost\\index.php on line 149
[Sun Mar 19 21:14:46.639353 2023] [php:warn] [pid 11448:tid 1076] [client ::1:53401] PHP Warning:  session_start(): Session cannot be started after headers have already been sent in C:\\localhost\\index.php on line 149
[Sun Mar 19 21:14:46.844416 2023] [php:warn] [pid 11448:tid 1112] [client ::1:53399] PHP Warning:  session_start(): Session cannot be started after headers have already been sent in C:\\localhost\\index.php on line 149
[Sun Mar 19 21:15:09.772234 2023] [php:warn] [pid 11448:tid 1116] [client ::1:53409] PHP Warning:  session_start(): Session cannot be started after headers have already been sent in C:\\localhost\\index.php on line 149
[Sun Mar 19 21:16:14.299794 2023] [php:warn] [pid 11448:tid 1104] [client ::1:53421] PHP Warning:  session_start(): Session cannot be started after headers have already been sent in C:\\localhost\\index.php on line 149
[Sun Mar 19 21:16:16.785481 2023] [mpm_winnt:notice] [pid 7144:tid 408] AH00422: Parent: Received shutdown signal -- Shutting down the server.
[Sun Mar 19 21:16:22.699279 2023] [core:warn] [pid 5256:tid 408] AH00098: pid file C:/Apache24/logs/httpd.pid overwritten -- Unclean shutdown of previous Apache run?
[Sun Mar 19 21:16:22.714992 2023] [mpm_winnt:notice] [pid 5256:tid 408] AH00455: Apache/2.4.53 (Win64) PHP/8.1.6 configured -- resuming normal operations
[Sun Mar 19 21:16:22.714992 2023] [mpm_winnt:notice] [pid 5256:tid 408] AH00456: Apache Lounge VS16 Server built: May  4 2022 10:41:15
[Sun Mar 19 21:16:22.714992 2023] [core:notice] [pid 5256:tid 408] AH00094: Command line: 'C:\\Apache24\\bin\\httpd.exe -d C:/Apache24'
[Sun Mar 19 21:16:22.714992 2023] [mpm_winnt:notice] [pid 5256:tid 408] AH00418: Parent: Created child process 9492
Apache server shutdown initiated...
pm_winnt:notice] [pid 9492:tid 412] AH00354: Child: Starting 64 worker threads.
[Sun Mar 19 21:16:25.641674 2023] [php:warn] [pid 11448:tid 1112] [client ::1:53422] PHP Warning:  session_start(): Session cannot be started after headers have already been sent in C:\\localhost\\index.php on line 149
[Sun Mar 19 21:16:25.703674 2023] [mpm_winnt:notice] [pid 11448:tid 412] AH00364: Child: All worker threads have exited.
[Sun Mar 19 21:16:26.289671 2023] [php:warn] [pid 9492:tid 1152] [client ::1:53424] PHP Warning:  session_start(): Session cannot be started after headers have already been sent in C:\\localhost\\index.php on line 149
[Sun Mar 19 21:16:56.182536 2023] [php:warn] [pid 9492:tid 1100] [client ::1:53454] PHP Warning:  session_start(): Session cannot be started after headers have already been sent in C:\\localhost\\index.php on line 149
[Sun Mar 19 21:16:56.835571 2023] [php:warn] [pid 9492:tid 1100] [client ::1:53454] PHP Warning:  session_start(): Session cannot be started after headers have already been sent in C:\\localhost\\index.php on line 149
[Sun Mar 19 21:16:57.058866 2023] [php:warn] [pid 9492:tid 1100] [client ::1:53454] PHP Warning:  session_start(): Session cannot be started after headers have already been sent in C:\\localhost\\index.php on line 149
[Sun Mar 19 21:16:57.226882 2023] [php:warn] [pid 9492:tid 1100] [client ::1:53454] PHP Warning:  session_start(): Session cannot be started after headers have already been sent in C:\\localhost\\index.php on line 149
[Sun Mar 19 21:16:57.393828 2023] [php:warn] [pid 9492:tid 1100] [client ::1:53454] PHP Warning:  session_start(): Session cannot be started after headers have already been sent in C:\\localhost\\index.php on line 149
[Sun Mar 19 21:16:57.569885 2023] [php:warn] [pid 9492:tid 1100] [client ::1:53454] PHP Warning:  session_start(): Session cannot be started after headers have already been sent in C:\\localhost\\index.php on line 149
[Sun Mar 19 21:16:57.723225 2023] [php:warn] [pid 9492:tid 1100] [client ::1:53454] PHP Warning:  session_start(): Session cannot be started after headers have already been sent in C:\\localhost\\index.php on line 149
[Sun Mar 19 21:18:52.531350 2023] [php:warn] [pid 9492:tid 1120] [client ::1:53534] PHP Warning:  session_start(): Session cannot be started after headers have already been sent in C:\\localhost\\index.php on line 149
[Sun Mar 19 21:19:40.197420 2023] [php:warn] [pid 9492:tid 1100] [client ::1:53535] PHP Warning:  session_start(): Session cannot be started after headers have already been sent in C:\\localhost\\index.php on line 149
[Sun Mar 19 23:03:13.496226 2023] [php:error] [pid 9492:tid 1152] [client ::1:58856] PHP Fatal error:  Uncaught Error: Object of class mysqli_result could not be converted to string in C:\\localhost\\about.php:126\nStack trace:\n#0 C:\\localhost\\about.php(140): myFunction()\n#1 {main}\n  thrown in C:\\localhost\\about.php on line 126, referer: http://localhost/about.php
[Sun Mar 19 23:03:37.094844 2023] [php:warn] [pid 9492:tid 1084] [client ::1:58857] PHP Warning:  Array to string conversion in C:\\localhost\\about.php on line 128, referer: http://localhost/about.php
[Sun Mar 19 23:03:37.094844 2023] [php:warn] [pid 9492:tid 1084] [client ::1:58857] PHP Warning:  Undefined array key "date_time" in C:\\localhost\\about.php on line 131, referer: http://localhost/about.php
[Sun Mar 19 23:03:37.094844 2023] [php:warn] [pid 9492:tid 1084] [client ::1:58857] PHP Warning:  Undefined array key "date_time" in C:\\localhost\\about.php on line 131, referer: http://localhost/about.php
[Sun Mar 19 23:03:37.094844 2023] [php:warn] [pid 9492:tid 1084] [client ::1:58857] PHP Warning:  Undefined array key "date_time" in C:\\localhost\\about.php on line 131, referer: http://localhost/about.php
[Sun Mar 19 23:04:22.735651 2023] [php:error] [pid 9492:tid 1152] [client ::1:58998] PHP Fatal error:  Uncaught Error: Object of class mysqli_result could not be converted to string in C:\\localhost\\about.php:126\nStack trace:\n#0 C:\\localhost\\about.php(140): myFunction()\n#1 {main}\n  thrown in C:\\localhost\\about.php on line 126, referer: http://localhost/about.php
[Sun Mar 19 23:04:31.876624 2023] [php:warn] [pid 9492:tid 1084] [client ::1:59234] PHP Warning:  Trying to access array offset on value of type null in C:\\localhost\\about.php on line 129, referer: http://localhost/about.php
[Sun Mar 19 23:04:31.876624 2023] [php:warn] [pid 9492:tid 1084] [client ::1:59234] PHP Warning:  Trying to access array offset on value of type null in C:\\localhost\\about.php on line 129, referer: http://localhost/about.php
[Sun Mar 19 23:07:20.848366 2023] [php:error] [pid 9492:tid 1084] [client ::1:60078] PHP Parse error:  syntax error, unexpected token "echo", expecting "," or ";" in C:\\localhost\\about.php on line 132, referer: http://localhost/about.php
[Sun Mar 19 23:07:25.938330 2023] [php:error] [pid 9492:tid 1152] [client ::1:60079] PHP Parse error:  syntax error, unexpected token "echo", expecting "," or ";" in C:\\localhost\\about.php on line 132, referer: http://localhost/about.php
[Sun Mar 19 23:07:26.985877 2023] [php:warn] [pid 9492:tid 1152] [client ::1:60079] PHP Warning:  Undefined array key "date_time" in C:\\localhost\\about.php on line 129, referer: http://localhost/about.php
[Sun Mar 19 23:07:26.986879 2023] [php:error] [pid 9492:tid 1152] [client ::1:60079] PHP Fatal error:  Uncaught TypeError: Unsupported operand types: string + string in C:\\localhost\\about.php:131\nStack trace:\n#0 C:\\localhost\\about.php(139): myFunction()\n#1 {main}\n  thrown in C:\\localhost\\about.php on line 131, referer: http://localhost/about.php
[Sun Mar 19 23:07:27.257553 2023] [php:warn] [pid 9492:tid 1152] [client ::1:60079] PHP Warning:  Undefined array key "date_time" in C:\\localhost\\about.php on line 129, referer: http://localhost/about.php
[Sun Mar 19 23:07:27.257553 2023] [php:error] [pid 9492:tid 1152] [client ::1:60079] PHP Fatal error:  Uncaught TypeError: Unsupported operand types: string + string in C:\\localhost\\about.php:131\nStack trace:\n#0 C:\\localhost\\about.php(139): myFunction()\n#1 {main}\n  thrown in C:\\localhost\\about.php on line 131, referer: http://localhost/about.php
[Sun Mar 19 23:08:05.008584 2023] [php:error] [pid 9492:tid 1084] [client ::1:60082] PHP Fatal error:  Uncaught TypeError: Unsupported operand types: string + string in C:\\localhost\\about.php:130\nStack trace:\n#0 C:\\localhost\\about.php(135): myFunction()\n#1 {main}\n  thrown in C:\\localhost\\about.php on line 130, referer: http://localhost/about.php
[Sun Mar 19 23:08:23.773685 2023] [php:error] [pid 9492:tid 1152] [client ::1:60105] PHP Fatal error:  Uncaught TypeError: Unsupported operand types: string + string in C:\\localhost\\about.php:130\nStack trace:\n#0 C:\\localhost\\about.php(135): myFunction()\n#1 {main}\n  thrown in C:\\localhost\\about.php on line 130, referer: http://localhost/about.php
[Sun Mar 19 23:08:24.879472 2023] [php:error] [pid 9492:tid 1152] [client ::1:60105] PHP Fatal error:  Uncaught TypeError: Unsupported operand types: string + string in C:\\localhost\\about.php:130\nStack trace:\n#0 C:\\localhost\\about.php(135): myFunction()\n#1 {main}\n  thrown in C:\\localhost\\about.php on line 130, referer: http://localhost/about.php
[Sun Mar 19 23:08:25.028570 2023] [php:error] [pid 9492:tid 1152] [client ::1:60105] PHP Fatal error:  Uncaught TypeError: Unsupported operand types: string + string in C:\\localhost\\about.php:130\nStack trace:\n#0 C:\\localhost\\about.php(135): myFunction()\n#1 {main}\n  thrown in C:\\localhost\\about.php on line 130, referer: http://localhost/about.php
[Sun Mar 19 23:08:25.201615 2023] [php:error] [pid 9492:tid 1152] [client ::1:60105] PHP Fatal error:  Uncaught TypeError: Unsupported operand types: string + string in C:\\localhost\\about.php:130\nStack trace:\n#0 C:\\localhost\\about.php(135): myFunction()\n#1 {main}\n  thrown in C:\\localhost\\about.php on line 130, referer: http://localhost/about.php
[Sun Mar 19 23:08:25.378601 2023] [php:error] [pid 9492:tid 1152] [client ::1:60105] PHP Fatal error:  Uncaught TypeError: Unsupported operand types: string + string in C:\\localhost\\about.php:130\nStack trace:\n#0 C:\\localhost\\about.php(135): myFunction()\n#1 {main}\n  thrown in C:\\localhost\\about.php on line 130, referer: http://localhost/about.php
[Sun Mar 19 23:08:25.595181 2023] [php:error] [pid 9492:tid 1152] [client ::1:60105] PHP Fatal error:  Uncaught TypeError: Unsupported operand types: string + string in C:\\localhost\\about.php:130\nStack trace:\n#0 C:\\localhost\\about.php(135): myFunction()\n#1 {main}\n  thrown in C:\\localhost\\about.php on line 130, referer: http://localhost/about.php
[Sun Mar 19 23:08:25.733547 2023] [php:error] [pid 9492:tid 1152] [client ::1:60105] PHP Fatal error:  Uncaught TypeError: Unsupported operand types: string + string in C:\\localhost\\about.php:130\nStack trace:\n#0 C:\\localhost\\about.php(135): myFunction()\n#1 {main}\n  thrown in C:\\localhost\\about.php on line 130, referer: http://localhost/about.php
[Sun Mar 19 23:26:36.178028 2023] [php:warn] [pid 9492:tid 1084] [client ::1:60885] PHP Warning:  Trying to access array offset on value of type null in C:\\localhost\\about.php on line 146, referer: http://localhost/about.php?one=true
[Sun Mar 19 23:26:36.178028 2023] [php:warn] [pid 9492:tid 1084] [client ::1:60885] PHP Warning:  Trying to access array offset on value of type null in C:\\localhost\\about.php on line 147, referer: http://localhost/about.php?one=true
[Sun Mar 19 23:43:51.436721 2023] [php:warn] [pid 9492:tid 1080] [client ::1:61655] PHP Warning:  Trying to access array offset on value of type null in C:\\localhost\\about.php on line 166, referer: http://localhost/about.php?three=true
[Sun Mar 19 23:43:51.437739 2023] [php:warn] [pid 9492:tid 1080] [client ::1:61655] PHP Warning:  Trying to access array offset on value of type null in C:\\localhost\\about.php on line 167, referer: http://localhost/about.php?three=true
[Sun Mar 19 23:46:26.531887 2023] [php:warn] [pid 9492:tid 1080] [client ::1:61767] PHP Warning:  Trying to access array offset on value of type null in C:\\localhost\\about.php on line 173, referer: http://localhost/about.php?three=true
[Sun Mar 19 23:46:26.531887 2023] [php:warn] [pid 9492:tid 1080] [client ::1:61767] PHP Warning:  Trying to access array offset on value of type null in C:\\localhost\\about.php on line 174, referer: http://localhost/about.php?three=true
[Sun Mar 19 23:46:37.313015 2023] [php:warn] [pid 9492:tid 1152] [client ::1:61777] PHP Warning:  Trying to access array offset on value of type null in C:\\localhost\\about.php on line 173, referer: http://localhost/about.php?three=true
[Sun Mar 19 23:46:37.313015 2023] [php:warn] [pid 9492:tid 1152] [client ::1:61777] PHP Warning:  Trying to access array offset on value of type null in C:\\localhost\\about.php on line 174, referer: http://localhost/about.php?three=true
[Sun Mar 19 23:46:46.312130 2023] [php:warn] [pid 9492:tid 1080] [client ::1:61785] PHP Warning:  Trying to access array offset on value of type null in C:\\localhost\\about.php on line 173, referer: http://localhost/about.php?three=true
[Sun Mar 19 23:46:46.312130 2023] [php:warn] [pid 9492:tid 1080] [client ::1:61785] PHP Warning:  Trying to access array offset on value of type null in C:\\localhost\\about.php on line 174, referer: http://localhost/about.php?three=true
[Sun Mar 19 23:47:01.125101 2023] [php:warn] [pid 9492:tid 1152] [client ::1:61791] PHP Warning:  Trying to access array offset on value of type null in C:\\localhost\\about.php on line 173, referer: http://localhost/about.php?three=true
[Sun Mar 19 23:47:01.125101 2023] [php:warn] [pid 9492:tid 1152] [client ::1:61791] PHP Warning:  Trying to access array offset on value of type null in C:\\localhost\\about.php on line 174, referer: http://localhost/about.php?three=true
[Sun Mar 19 23:47:35.722197 2023] [php:warn] [pid 9492:tid 1080] [client ::1:61799] PHP Warning:  Trying to access array offset on value of type null in C:\\localhost\\about.php on line 175, referer: http://localhost/about.php?three=true
[Sun Mar 19 23:47:35.722197 2023] [php:warn] [pid 9492:tid 1080] [client ::1:61799] PHP Warning:  Trying to access array offset on value of type null in C:\\localhost\\about.php on line 176, referer: http://localhost/about.php?three=true
[Sun Mar 19 23:47:38.479961 2023] [php:warn] [pid 9492:tid 1080] [client ::1:61799] PHP Warning:  Trying to access array offset on value of type null in C:\\localhost\\about.php on line 175, referer: http://localhost/about.php?three=true
[Sun Mar 19 23:47:38.479961 2023] [php:warn] [pid 9492:tid 1080] [client ::1:61799] PHP Warning:  Trying to access array offset on value of type null in C:\\localhost\\about.php on line 176, referer: http://localhost/about.php?three=true
[Sun Mar 19 23:47:40.864496 2023] [php:warn] [pid 9492:tid 1080] [client ::1:61799] PHP Warning:  Trying to access array offset on value of type null in C:\\localhost\\about.php on line 175, referer: http://localhost/about.php?three=true
[Sun Mar 19 23:47:40.864496 2023] [php:warn] [pid 9492:tid 1080] [client ::1:61799] PHP Warning:  Trying to access array offset on value of type null in C:\\localhost\\about.php on line 176, referer: http://localhost/about.php?three=true
[Sun Mar 19 23:48:16.844623 2023] [php:warn] [pid 9492:tid 1080] [client ::1:61828] PHP Warning:  Trying to access array offset on value of type null in C:\\localhost\\about.php on line 175, referer: http://localhost/about.php?three=true
[Sun Mar 19 23:48:16.844623 2023] [php:warn] [pid 9492:tid 1080] [client ::1:61828] PHP Warning:  Trying to access array offset on value of type null in C:\\localhost\\about.php on line 176, referer: http://localhost/about.php?three=true
[Sun Mar 19 23:48:16.844623 2023] [php:warn] [pid 9492:tid 1080] [client ::1:61828] PHP Warning:  Trying to access array offset on value of type null in C:\\localhost\\about.php on line 175, referer: http://localhost/about.php?three=true
[Sun Mar 19 23:48:16.844623 2023] [php:warn] [pid 9492:tid 1080] [client ::1:61828] PHP Warning:  Trying to access array offset on value of type null in C:\\localhost\\about.php on line 176, referer: http://localhost/about.php?three=true
[Sun Mar 19 23:48:17.368078 2023] [php:warn] [pid 9492:tid 1080] [client ::1:61828] PHP Warning:  Trying to access array offset on value of type null in C:\\localhost\\about.php on line 175, referer: http://localhost/about.php?three=true
[Sun Mar 19 23:48:17.368078 2023] [php:warn] [pid 9492:tid 1080] [client ::1:61828] PHP Warning:  Trying to access array offset on value of type null in C:\\localhost\\about.php on line 176, referer: http://localhost/about.php?three=true
[Sun Mar 19 23:48:17.368078 2023] [php:warn] [pid 9492:tid 1080] [client ::1:61828] PHP Warning:  Trying to access array offset on value of type null in C:\\localhost\\about.php on line 175, referer: http://localhost/about.php?three=true
[Sun Mar 19 23:48:17.368078 2023] [php:warn] [pid 9492:tid 1080] [client ::1:61828] PHP Warning:  Trying to access array offset on value of type null in C:\\localhost\\about.php on line 176, referer: http://localhost/about.php?three=true
[Sun Mar 19 23:48:17.618643 2023] [php:warn] [pid 9492:tid 1080] [client ::1:61828] PHP Warning:  Trying to access array offset on value of type null in C:\\localhost\\about.php on line 175, referer: http://localhost/about.php?three=true
[Sun Mar 19 23:48:17.618643 2023] [php:warn] [pid 9492:tid 1080] [client ::1:61828] PHP Warning:  Trying to access array offset on value of type null in C:\\localhost\\about.php on line 176, referer: http://localhost/about.php?three=true
[Sun Mar 19 23:48:17.618643 2023] [php:warn] [pid 9492:tid 1080] [client ::1:61828] PHP Warning:  Trying to access array offset on value of type null in C:\\localhost\\about.php on line 175, referer: http://localhost/about.php?three=true
[Sun Mar 19 23:48:17.618643 2023] [php:warn] [pid 9492:tid 1080] [client ::1:61828] PHP Warning:  Trying to access array offset on value of type null in C:\\localhost\\about.php on line 176, referer: http://localhost/about.php?three=true
[Mon Mar 20 01:44:58.651922 2023] [php:error] [pid 9492:tid 1080] [client ::1:56318] PHP Parse error:  syntax error, unexpected token "}", expecting "," or ";" in C:\\localhost\\about.php on line 208, referer: http://localhost/about.php
[Mon Mar 20 01:58:06.501093 2023] [php:error] [pid 9492:tid 1096] [client ::1:56788] PHP Parse error:  syntax error, unexpected identifier "\xd0\xa6\xd0\xb5\xd0\xbd\xd1\x82\xd1\x80", expecting "," or ";" in C:\\localhost\\about.php on line 224, referer: http://localhost/about.php?four=true
[Mon Mar 20 02:22:22.154226 2023] [mpm_winnt:notice] [pid 5256:tid 408] AH00422: Parent: Received shutdown signal -- Shutting down the server.
[Mon Mar 20 02:22:39.749854 2023] [mpm_winnt:notice] [pid 9492:tid 412] AH00364: Child: All worker threads have exited.
[Mon Mar 20 10:02:15.338560 2023] [core:warn] [pid 17212:tid 408] AH00098: pid file C:/Apache24/logs/httpd.pid overwritten -- Unclean shutdown of previous Apache run?
[Mon Mar 20 10:02:15.353350 2023] [mpm_winnt:notice] [pid 17212:tid 408] AH00455: Apache/2.4.53 (Win64) PHP/8.1.6 configured -- resuming normal operations
[Mon Mar 20 10:02:15.353350 2023] [mpm_winnt:notice] [pid 17212:tid 408] AH00456: Apache Lounge VS16 Server built: May  4 2022 10:41:15
[Mon Mar 20 10:02:15.353350 2023] [core:notice] [pid 17212:tid 408] AH00094: Command line: 'C:\\Apache24\\bin\\httpd.exe -d C:/Apache24'
[Mon Mar 20 10:02:15.355350 2023] [mpm_winnt:notice] [pid 17212:tid 408] AH00418: Parent: Created child process 19272
Apache server shutdown initiated...
pm_winnt:notice] [pid 19272:tid 412] AH00354: Child: Starting 64 worker threads.
[Mon Mar 20 11:49:54.116839 2023] [php:error] [pid 19272:tid 1060] [client ::1:54564] PHP Parse error:  syntax error, unexpected token "}", expecting "," or ";" in C:\\localhost\\activity.php on line 254, referer: http://localhost/activity.php?three=true
[Mon Mar 20 11:49:57.600474 2023] [php:error] [pid 19272:tid 1060] [client ::1:54564] PHP Parse error:  syntax error, unexpected token "}", expecting "," or ";" in C:\\localhost\\activity.php on line 254, referer: http://localhost/activity.php?three=true
[Mon Mar 20 12:59:38.511681 2023] [php:error] [pid 19272:tid 1092] [client ::1:58052] PHP Parse error:  syntax error, unexpected identifier "\xd0\xa1\xd1\x82\xd0\xbe\xd0\xbf", expecting "," or ";" in C:\\localhost\\documents.php on line 155, referer: http://localhost/documents.php?one=true
[Mon Mar 20 12:59:49.664805 2023] [php:error] [pid 19272:tid 1028] [client ::1:58061] PHP Parse error:  syntax error, unexpected identifier "\xd0\xa1\xd1\x82\xd0\xbe\xd0\xbf", expecting "," or ";" in C:\\localhost\\documents.php on line 155, referer: http://localhost/documents.php?one=true
[Mon Mar 20 12:59:50.327438 2023] [php:error] [pid 19272:tid 1028] [client ::1:58061] PHP Parse error:  syntax error, unexpected identifier "\xd0\xa1\xd1\x82\xd0\xbe\xd0\xbf", expecting "," or ";" in C:\\localhost\\documents.php on line 155, referer: http://localhost/documents.php?one=true
[Mon Mar 20 13:28:11.826124 2023] [php:error] [pid 19272:tid 1036] [client ::1:59248] PHP Parse error:  syntax error, unexpected identifier "\xd0\xa1\xd1\x82\xd0\xbe\xd0\xbf", expecting "," or ";" in C:\\localhost\\documents.php on line 172, referer: http://localhost/documents.php?one=true
[Mon Mar 20 14:58:11.766031 2023] [php:error] [pid 19272:tid 1072] [client ::1:62427] PHP Parse error:  syntax error, unexpected token "}", expecting "," or ";" in C:\\localhost\\documents.php on line 261, referer: http://localhost/documents.php?three=true
[Mon Mar 20 14:58:16.154431 2023] [php:error] [pid 19272:tid 1072] [client ::1:62427] PHP Parse error:  syntax error, unexpected token "}", expecting "," or ";" in C:\\localhost\\documents.php on line 261, referer: http://localhost/documents.php?three=true
[Mon Mar 20 15:31:17.086747 2023] [php:error] [pid 19272:tid 1072] [client ::1:63751] PHP Parse error:  syntax error, unexpected token "}", expecting "," or ";" in C:\\localhost\\social_contract.php on line 155, referer: http://localhost/social_contract.php?five=true
[Mon Mar 20 15:46:09.743943 2023] [php:error] [pid 19272:tid 1060] [client ::1:64265] PHP Parse error:  syntax error, unexpected token "echo", expecting "," or ";" in C:\\localhost\\social_contract.php on line 299, referer: http://localhost/social_contract.php?three=true
[Mon Mar 20 15:48:53.040752 2023] [php:error] [pid 19272:tid 1060] [client ::1:64367] PHP Parse error:  syntax error, unexpected token "echo", expecting "," or ";" in C:\\localhost\\social_contract.php on line 311, referer: http://localhost/social_contract.php?five=true
[Mon Mar 20 16:43:20.593429 2023] [mpm_winnt:notice] [pid 17212:tid 408] AH00422: Parent: Received shutdown signal -- Shutting down the server.
[Mon Mar 20 16:43:27.566823 2023] [core:warn] [pid 17796:tid 408] AH00098: pid file C:/Apache24/logs/httpd.pid overwritten -- Unclean shutdown of previous Apache run?
[Mon Mar 20 16:43:27.613698 2023] [mpm_winnt:notice] [pid 17796:tid 408] AH00455: Apache/2.4.53 (Win64) PHP/8.1.6 configured -- resuming normal operations
[Mon Mar 20 16:43:27.613698 2023] [mpm_winnt:notice] [pid 17796:tid 408] AH00456: Apache Lounge VS16 Server built: May  4 2022 10:41:15
[Mon Mar 20 16:43:27.613698 2023] [core:notice] [pid 17796:tid 408] AH00094: Command line: 'C:\\Apache24\\bin\\httpd.exe -d C:/Apache24'
[Mon Mar 20 16:43:27.613698 2023] [mpm_winnt:notice] [pid 17796:tid 408] AH00418: Parent: Created child process 14432
Apache server shutdown initiated...
pm_winnt:notice] [pid 14432:tid 412] AH00354: Child: Starting 64 worker threads.
[Mon Mar 20 16:43:29.304708 2023] [mpm_winnt:notice] [pid 19272:tid 412] AH00364: Child: All worker threads have exited.
[Mon Mar 20 17:09:28.498874 2023] [php:warn] [pid 14432:tid 1088] [client ::1:51237] PHP Warning:  Undefined variable $query1 in C:\\localhost\\news.php on line 199, referer: http://localhost/news.php?two=true
[Mon Mar 20 17:09:28.498874 2023] [php:error] [pid 14432:tid 1088] [client ::1:51237] PHP Fatal error:  Uncaught TypeError: mysqli_fetch_array(): Argument #1 ($result) must be of type mysqli_result, null given in C:\\localhost\\news.php:199\nStack trace:\n#0 C:\\localhost\\news.php(199): mysqli_fetch_array(NULL)\n#1 C:\\localhost\\news.php(208): myFunction3()\n#2 {main}\n  thrown in C:\\localhost\\news.php on line 199, referer: http://localhost/news.php?two=true
[Mon Mar 20 17:09:36.730028 2023] [php:warn] [pid 14432:tid 1108] [client ::1:51250] PHP Warning:  Undefined variable $query1 in C:\\localhost\\news.php on line 199, referer: http://localhost/news.php?two=true
[Mon Mar 20 17:09:36.730028 2023] [php:error] [pid 14432:tid 1108] [client ::1:51250] PHP Fatal error:  Uncaught TypeError: mysqli_fetch_array(): Argument #1 ($result) must be of type mysqli_result, null given in C:\\localhost\\news.php:199\nStack trace:\n#0 C:\\localhost\\news.php(199): mysqli_fetch_array(NULL)\n#1 C:\\localhost\\news.php(208): myFunction3()\n#2 {main}\n  thrown in C:\\localhost\\news.php on line 199, referer: http://localhost/news.php?two=true
[Mon Mar 20 17:09:46.192408 2023] [php:warn] [pid 14432:tid 1088] [client ::1:51255] PHP Warning:  Trying to access array offset on value of type null in C:\\localhost\\news.php on line 200, referer: http://localhost/news.php?two=true
[Mon Mar 20 17:09:46.192408 2023] [php:warn] [pid 14432:tid 1088] [client ::1:51255] PHP Warning:  Trying to access array offset on value of type null in C:\\localhost\\news.php on line 201, referer: http://localhost/news.php?two=true
[Mon Mar 20 17:09:46.650909 2023] [php:warn] [pid 14432:tid 1088] [client ::1:51255] PHP Warning:  Trying to access array offset on value of type null in C:\\localhost\\news.php on line 200, referer: http://localhost/news.php?two=true
[Mon Mar 20 17:09:46.650909 2023] [php:warn] [pid 14432:tid 1088] [client ::1:51255] PHP Warning:  Trying to access array offset on value of type null in C:\\localhost\\news.php on line 201, referer: http://localhost/news.php?two=true
[Mon Mar 20 17:10:02.914201 2023] [php:warn] [pid 14432:tid 1108] [client ::1:51284] PHP Warning:  Trying to access array offset on value of type null in C:\\localhost\\news.php on line 200, referer: http://localhost/news.php?two=true
[Mon Mar 20 17:10:02.914201 2023] [php:warn] [pid 14432:tid 1108] [client ::1:51284] PHP Warning:  Trying to access array offset on value of type null in C:\\localhost\\news.php on line 201, referer: http://localhost/news.php?two=true
[Mon Mar 20 19:07:11.601047 2023] [core:error] [pid 14432:tid 1112] (20024)The given path is misformatted or contained invalid characters: [client ::1:61055] AH00127: Cannot map GET /%3Ca%20href= HTTP/1.1 to file, referer: http://localhost/news_content.php
[Mon Mar 20 19:07:15.070561 2023] [core:error] [pid 14432:tid 1060] (20024)The given path is misformatted or contained invalid characters: [client ::1:61056] AH00127: Cannot map GET /%3Ca%20href= HTTP/1.1 to file, referer: http://localhost/news_content.php
[Mon Mar 20 21:24:11.638175 2023] [php:error] [pid 14432:tid 1076] [client ::1:50298] PHP Fatal error:  Uncaught mysqli_sql_exception: You have an error in your SQL syntax; check the manual that corresponds to your MySQL server version for the right syntax to use near ')' at line 1 in C:\\localhost\\reviews.php:218\nStack trace:\n#0 C:\\localhost\\reviews.php(218): mysqli_query(Object(mysqli), 'INSERT INTO rev...')\n#1 {main}\n  thrown in C:\\localhost\\reviews.php on line 218, referer: http://localhost/reviews.php
[Tue Mar 21 00:25:18.387616 2023] [php:warn] [pid 14432:tid 1108] [client ::1:50483] PHP Warning:  Undefined variable $VerifSel1 in C:\\localhost\\appointment.php on line 141
[Tue Mar 21 00:25:18.387616 2023] [php:warn] [pid 14432:tid 1108] [client ::1:50483] PHP Warning:  Undefined variable $VerifSel1 in C:\\localhost\\appointment.php on line 141
[Tue Mar 21 00:25:18.387616 2023] [php:warn] [pid 14432:tid 1108] [client ::1:50483] PHP Warning:  Undefined variable $VerifSel2 in C:\\localhost\\appointment.php on line 146
[Tue Mar 21 00:25:30.763516 2023] [php:warn] [pid 14432:tid 1060] [client ::1:50484] PHP Warning:  Undefined variable $VerifSel1 in C:\\localhost\\appointment.php on line 131
[Tue Mar 21 00:25:30.763516 2023] [php:warn] [pid 14432:tid 1060] [client ::1:50484] PHP Warning:  Undefined variable $VerifSel1 in C:\\localhost\\appointment.php on line 131
[Tue Mar 21 00:25:30.763516 2023] [php:warn] [pid 14432:tid 1060] [client ::1:50484] PHP Warning:  Undefined variable $VerifSel2 in C:\\localhost\\appointment.php on line 136
[Tue Mar 21 00:26:32.467930 2023] [php:warn] [pid 14432:tid 1108] [client ::1:50521] PHP Warning:  Undefined variable $VerifSel1 in C:\\localhost\\appointment.php on line 142
[Tue Mar 21 00:26:32.467930 2023] [php:warn] [pid 14432:tid 1108] [client ::1:50521] PHP Warning:  Undefined variable $VerifSel1 in C:\\localhost\\appointment.php on line 142
[Tue Mar 21 00:26:32.467930 2023] [php:warn] [pid 14432:tid 1108] [client ::1:50521] PHP Warning:  Undefined variable $VerifSel2 in C:\\localhost\\appointment.php on line 147
[Tue Mar 21 00:26:56.307553 2023] [php:warn] [pid 14432:tid 1060] [client ::1:50522] PHP Warning:  Undefined variable $VerifSel2 in C:\\localhost\\appointment.php on line 147
[Tue Mar 21 00:27:24.956349 2023] [php:warn] [pid 14432:tid 1108] [client ::1:50538] PHP Warning:  Undefined variable $VerifSel2 in C:\\localhost\\appointment.php on line 146
[Tue Mar 21 01:08:20.179857 2023] [mpm_winnt:notice] [pid 17796:tid 408] AH00422: Parent: Received shutdown signal -- Shutting down the server.
[Tue Mar 21 01:08:22.191927 2023] [mpm_winnt:notice] [pid 14432:tid 412] AH00364: Child: All worker threads have exited.
[Tue Mar 21 01:08:22.221609 2023] [mpm_winnt:notice] [pid 17796:tid 408] AH00430: Parent: Child process 14432 exited successfully.
[Tue Mar 21 10:11:41.345814 2023] [mpm_winnt:notice] [pid 3700:tid 428] AH00455: Apache/2.4.53 (Win64) PHP/8.1.6 configured -- resuming normal operations
[Tue Mar 21 10:11:41.345814 2023] [mpm_winnt:notice] [pid 3700:tid 428] AH00456: Apache Lounge VS16 Server built: May  4 2022 10:41:15
[Tue Mar 21 10:11:41.345814 2023] [core:notice] [pid 3700:tid 428] AH00094: Command line: 'C:\\Apache24\\bin\\httpd.exe -d C:/Apache24'
[Tue Mar 21 10:11:41.347818 2023] [mpm_winnt:notice] [pid 3700:tid 428] AH00418: Parent: Created child process 20008
Apache server shutdown initiated...
pm_winnt:notice] [pid 20008:tid 412] AH00354: Child: Starting 64 worker threads.
[Tue Mar 21 10:44:48.250416 2023] [php:warn] [pid 20008:tid 1080] [client ::1:62008] PHP Warning:  Undefined variable $date1 in C:\\localhost\\appointment.php on line 146
[Tue Mar 21 10:44:48.251415 2023] [php:error] [pid 20008:tid 1080] [client ::1:62008] PHP Fatal error:  Uncaught mysqli_sql_exception: Incorrect DATE value: '' in C:\\localhost\\appointment.php:146\nStack trace:\n#0 C:\\localhost\\appointment.php(146): mysqli_query(Object(mysqli), 'SELECT * FROM s...')\n#1 {main}\n  thrown in C:\\localhost\\appointment.php on line 146
[Tue Mar 21 10:45:05.257212 2023] [php:warn] [pid 20008:tid 1072] [client ::1:62009] PHP Warning:  Undefined variable $date1 in C:\\localhost\\appointment.php on line 146
[Tue Mar 21 10:45:05.257212 2023] [php:error] [pid 20008:tid 1072] [client ::1:62009] PHP Fatal error:  Uncaught mysqli_sql_exception: You have an error in your SQL syntax; check the manual that corresponds to your MySQL server version for the right syntax to use near '' at line 1 in C:\\localhost\\appointment.php:146\nStack trace:\n#0 C:\\localhost\\appointment.php(146): mysqli_query(Object(mysqli), 'SELECT * FROM s...')\n#1 {main}\n  thrown in C:\\localhost\\appointment.php on line 146
[Tue Mar 21 10:46:01.467885 2023] [php:warn] [pid 20008:tid 1080] [client ::1:62021] PHP Warning:  Undefined variable $date1 in C:\\localhost\\appointment.php on line 146
[Tue Mar 21 10:46:01.467885 2023] [php:error] [pid 20008:tid 1080] [client ::1:62021] PHP Fatal error:  Uncaught mysqli_sql_exception: You have an error in your SQL syntax; check the manual that corresponds to your MySQL server version for the right syntax to use near '' at line 1 in C:\\localhost\\appointment.php:146\nStack trace:\n#0 C:\\localhost\\appointment.php(146): mysqli_query(Object(mysqli), 'SELECT * FROM s...')\n#1 {main}\n  thrown in C:\\localhost\\appointment.php on line 146
[Tue Mar 21 10:46:02.043707 2023] [php:warn] [pid 20008:tid 1080] [client ::1:62021] PHP Warning:  Undefined variable $date1 in C:\\localhost\\appointment.php on line 146
[Tue Mar 21 10:46:02.043707 2023] [php:error] [pid 20008:tid 1080] [client ::1:62021] PHP Fatal error:  Uncaught mysqli_sql_exception: You have an error in your SQL syntax; check the manual that corresponds to your MySQL server version for the right syntax to use near '' at line 1 in C:\\localhost\\appointment.php:146\nStack trace:\n#0 C:\\localhost\\appointment.php(146): mysqli_query(Object(mysqli), 'SELECT * FROM s...')\n#1 {main}\n  thrown in C:\\localhost\\appointment.php on line 146
[Tue Mar 21 10:46:02.488457 2023] [php:warn] [pid 20008:tid 1080] [client ::1:62021] PHP Warning:  Undefined variable $date1 in C:\\localhost\\appointment.php on line 146
[Tue Mar 21 10:46:02.488457 2023] [php:error] [pid 20008:tid 1080] [client ::1:62021] PHP Fatal error:  Uncaught mysqli_sql_exception: You have an error in your SQL syntax; check the manual that corresponds to your MySQL server version for the right syntax to use near '' at line 1 in C:\\localhost\\appointment.php:146\nStack trace:\n#0 C:\\localhost\\appointment.php(146): mysqli_query(Object(mysqli), 'SELECT * FROM s...')\n#1 {main}\n  thrown in C:\\localhost\\appointment.php on line 146
[Tue Mar 21 10:46:02.864115 2023] [php:warn] [pid 20008:tid 1080] [client ::1:62021] PHP Warning:  Undefined variable $date1 in C:\\localhost\\appointment.php on line 146
[Tue Mar 21 10:46:02.865049 2023] [php:error] [pid 20008:tid 1080] [client ::1:62021] PHP Fatal error:  Uncaught mysqli_sql_exception: You have an error in your SQL syntax; check the manual that corresponds to your MySQL server version for the right syntax to use near '' at line 1 in C:\\localhost\\appointment.php:146\nStack trace:\n#0 C:\\localhost\\appointment.php(146): mysqli_query(Object(mysqli), 'SELECT * FROM s...')\n#1 {main}\n  thrown in C:\\localhost\\appointment.php on line 146
[Tue Mar 21 10:46:03.251062 2023] [php:warn] [pid 20008:tid 1080] [client ::1:62021] PHP Warning:  Undefined variable $date1 in C:\\localhost\\appointment.php on line 146
[Tue Mar 21 10:46:03.251062 2023] [php:error] [pid 20008:tid 1080] [client ::1:62021] PHP Fatal error:  Uncaught mysqli_sql_exception: You have an error in your SQL syntax; check the manual that corresponds to your MySQL server version for the right syntax to use near '' at line 1 in C:\\localhost\\appointment.php:146\nStack trace:\n#0 C:\\localhost\\appointment.php(146): mysqli_query(Object(mysqli), 'SELECT * FROM s...')\n#1 {main}\n  thrown in C:\\localhost\\appointment.php on line 146
[Tue Mar 21 10:46:03.747520 2023] [php:warn] [pid 20008:tid 1080] [client ::1:62021] PHP Warning:  Undefined variable $date1 in C:\\localhost\\appointment.php on line 146
[Tue Mar 21 10:46:03.747520 2023] [php:error] [pid 20008:tid 1080] [client ::1:62021] PHP Fatal error:  Uncaught mysqli_sql_exception: You have an error in your SQL syntax; check the manual that corresponds to your MySQL server version for the right syntax to use near '' at line 1 in C:\\localhost\\appointment.php:146\nStack trace:\n#0 C:\\localhost\\appointment.php(146): mysqli_query(Object(mysqli), 'SELECT * FROM s...')\n#1 {main}\n  thrown in C:\\localhost\\appointment.php on line 146
[Tue Mar 21 10:47:13.469166 2023] [php:error] [pid 20008:tid 1072] [client ::1:62132] PHP Parse error:  syntax error, unexpected token "}" in C:\\localhost\\appointment.php on line 146
[Tue Mar 21 10:47:26.345539 2023] [php:warn] [pid 20008:tid 1116] [client ::1:62140] PHP Warning:  Undefined variable $date1 in C:\\localhost\\appointment.php on line 146
[Tue Mar 21 10:47:43.252750 2023] [php:warn] [pid 20008:tid 1072] [client ::1:62149] PHP Warning:  Undefined variable $date1 in C:\\localhost\\appointment.php on line 146
[Tue Mar 21 10:47:43.654792 2023] [php:warn] [pid 20008:tid 1072] [client ::1:62149] PHP Warning:  Undefined variable $date1 in C:\\localhost\\appointment.php on line 146
[Tue Mar 21 10:47:44.046231 2023] [php:warn] [pid 20008:tid 1072] [client ::1:62149] PHP Warning:  Undefined variable $date1 in C:\\localhost\\appointment.php on line 146
[Tue Mar 21 10:47:44.380346 2023] [php:warn] [pid 20008:tid 1072] [client ::1:62149] PHP Warning:  Undefined variable $date1 in C:\\localhost\\appointment.php on line 146
[Tue Mar 21 10:47:44.687303 2023] [php:warn] [pid 20008:tid 1072] [client ::1:62149] PHP Warning:  Undefined variable $date1 in C:\\localhost\\appointment.php on line 146
[Tue Mar 21 10:51:31.034783 2023] [php:warn] [pid 20008:tid 1116] [client ::1:62335] PHP Warning:  Undefined variable $time in C:\\localhost\\appointment.php on line 146
[Tue Mar 21 10:51:48.386262 2023] [php:warn] [pid 20008:tid 1116] [client ::1:62349] PHP Warning:  Undefined variable $date1 in C:\\localhost\\appointment.php on line 146
[Tue Mar 21 10:51:49.008245 2023] [php:warn] [pid 20008:tid 1116] [client ::1:62349] PHP Warning:  Undefined variable $date1 in C:\\localhost\\appointment.php on line 146
[Tue Mar 21 10:51:49.705001 2023] [php:warn] [pid 20008:tid 1116] [client ::1:62349] PHP Warning:  Undefined variable $date1 in C:\\localhost\\appointment.php on line 146
[Tue Mar 21 10:56:47.199460 2023] [php:error] [pid 20008:tid 1116] [client ::1:62521] PHP Fatal error:  Uncaught TypeError: date(): Argument #2 ($timestamp) must be of type ?int, string given in C:\\localhost\\appointment.php:142\nStack trace:\n#0 C:\\localhost\\appointment.php(142): date('Y-m-d', '2023-03-23')\n#1 {main}\n  thrown in C:\\localhost\\appointment.php on line 142, referer: http://localhost/appointment.php
[Tue Mar 21 11:03:55.638012 2023] [php:error] [pid 20008:tid 1116] [client ::1:62809] PHP Fatal error:  Uncaught TypeError: date(): Argument #2 ($timestamp) must be of type ?int, string given in C:\\localhost\\appointment.php:177\nStack trace:\n#0 C:\\localhost\\appointment.php(177): date('Y-m-d', '2023-03-22')\n#1 {main}\n  thrown in C:\\localhost\\appointment.php on line 177, referer: http://localhost/appointment.php
[Tue Mar 21 11:09:44.885415 2023] [php:warn] [pid 20008:tid 1116] [client ::1:63029] PHP Warning:  Undefined array key "adress1" in C:\\localhost\\appointment.php on line 195, referer: http://localhost/appointment.php
[Tue Mar 21 11:09:44.885415 2023] [php:notice] [pid 20008:tid 1116] [client ::1:63029] PHP Deprecated:  htmlentities(): Passing null to parameter #1 ($string) of type string is deprecated in C:\\localhost\\appointment.php on line 195, referer: http://localhost/appointment.php
[Tue Mar 21 11:09:44.885415 2023] [php:warn] [pid 20008:tid 1116] [client ::1:63029] PHP Warning:  Undefined array key "theme1" in C:\\localhost\\appointment.php on line 196, referer: http://localhost/appointment.php
[Tue Mar 21 11:09:44.885415 2023] [php:notice] [pid 20008:tid 1116] [client ::1:63029] PHP Deprecated:  htmlentities(): Passing null to parameter #1 ($string) of type string is deprecated in C:\\localhost\\appointment.php on line 196, referer: http://localhost/appointment.php
[Tue Mar 21 11:09:44.885415 2023] [php:warn] [pid 20008:tid 1116] [client ::1:63029] PHP Warning:  Undefined array key "information1" in C:\\localhost\\appointment.php on line 197, referer: http://localhost/appointment.php
[Tue Mar 21 11:09:44.885415 2023] [php:notice] [pid 20008:tid 1116] [client ::1:63029] PHP Deprecated:  htmlentities(): Passing null to parameter #1 ($string) of type string is deprecated in C:\\localhost\\appointment.php on line 197, referer: http://localhost/appointment.php
[Tue Mar 21 11:10:28.308195 2023] [php:warn] [pid 20008:tid 1080] [client ::1:63030] PHP Warning:  Undefined array key "adress1" in C:\\localhost\\appointment.php on line 195, referer: http://localhost/appointment.php
[Tue Mar 21 11:10:28.308195 2023] [php:notice] [pid 20008:tid 1080] [client ::1:63030] PHP Deprecated:  htmlentities(): Passing null to parameter #1 ($string) of type string is deprecated in C:\\localhost\\appointment.php on line 195, referer: http://localhost/appointment.php
[Tue Mar 21 11:10:28.308195 2023] [php:warn] [pid 20008:tid 1080] [client ::1:63030] PHP Warning:  Undefined array key "theme1" in C:\\localhost\\appointment.php on line 196, referer: http://localhost/appointment.php
[Tue Mar 21 11:10:28.308195 2023] [php:notice] [pid 20008:tid 1080] [client ::1:63030] PHP Deprecated:  htmlentities(): Passing null to parameter #1 ($string) of type string is deprecated in C:\\localhost\\appointment.php on line 196, referer: http://localhost/appointment.php
[Tue Mar 21 11:10:28.308195 2023] [php:warn] [pid 20008:tid 1080] [client ::1:63030] PHP Warning:  Undefined array key "information1" in C:\\localhost\\appointment.php on line 197, referer: http://localhost/appointment.php
[Tue Mar 21 11:10:28.308195 2023] [php:notice] [pid 20008:tid 1080] [client ::1:63030] PHP Deprecated:  htmlentities(): Passing null to parameter #1 ($string) of type string is deprecated in C:\\localhost\\appointment.php on line 197, referer: http://localhost/appointment.php
[Tue Mar 21 11:11:45.685569 2023] [php:warn] [pid 20008:tid 1116] [client ::1:63106] PHP Warning:  Undefined array key "adress1" in C:\\localhost\\appointment.php on line 195, referer: http://localhost/appointment.php
[Tue Mar 21 11:11:45.685569 2023] [php:notice] [pid 20008:tid 1116] [client ::1:63106] PHP Deprecated:  htmlentities(): Passing null to parameter #1 ($string) of type string is deprecated in C:\\localhost\\appointment.php on line 195, referer: http://localhost/appointment.php
[Tue Mar 21 11:11:45.685569 2023] [php:warn] [pid 20008:tid 1116] [client ::1:63106] PHP Warning:  Undefined array key "theme1" in C:\\localhost\\appointment.php on line 196, referer: http://localhost/appointment.php
[Tue Mar 21 11:11:45.685569 2023] [php:notice] [pid 20008:tid 1116] [client ::1:63106] PHP Deprecated:  htmlentities(): Passing null to parameter #1 ($string) of type string is deprecated in C:\\localhost\\appointment.php on line 196, referer: http://localhost/appointment.php
[Tue Mar 21 11:11:45.685569 2023] [php:warn] [pid 20008:tid 1116] [client ::1:63106] PHP Warning:  Undefined array key "information1" in C:\\localhost\\appointment.php on line 197, referer: http://localhost/appointment.php
[Tue Mar 21 11:11:45.685569 2023] [php:notice] [pid 20008:tid 1116] [client ::1:63106] PHP Deprecated:  htmlentities(): Passing null to parameter #1 ($string) of type string is deprecated in C:\\localhost\\appointment.php on line 197, referer: http://localhost/appointment.php
[Tue Mar 21 11:14:29.532717 2023] [php:warn] [pid 20008:tid 1080] [client ::1:63213] PHP Warning:  Undefined array key "adress1" in C:\\localhost\\appointment.php on line 195, referer: http://localhost/appointment.php
[Tue Mar 21 11:14:29.532717 2023] [php:notice] [pid 20008:tid 1080] [client ::1:63213] PHP Deprecated:  htmlentities(): Passing null to parameter #1 ($string) of type string is deprecated in C:\\localhost\\appointment.php on line 195, referer: http://localhost/appointment.php
[Tue Mar 21 11:14:29.532717 2023] [php:warn] [pid 20008:tid 1080] [client ::1:63213] PHP Warning:  Undefined array key "theme1" in C:\\localhost\\appointment.php on line 196, referer: http://localhost/appointment.php
[Tue Mar 21 11:14:29.532717 2023] [php:notice] [pid 20008:tid 1080] [client ::1:63213] PHP Deprecated:  htmlentities(): Passing null to parameter #1 ($string) of type string is deprecated in C:\\localhost\\appointment.php on line 196, referer: http://localhost/appointment.php
[Tue Mar 21 11:14:29.532717 2023] [php:warn] [pid 20008:tid 1080] [client ::1:63213] PHP Warning:  Undefined array key "information1" in C:\\localhost\\appointment.php on line 197, referer: http://localhost/appointment.php
[Tue Mar 21 11:14:29.532717 2023] [php:notice] [pid 20008:tid 1080] [client ::1:63213] PHP Deprecated:  htmlentities(): Passing null to parameter #1 ($string) of type string is deprecated in C:\\localhost\\appointment.php on line 197, referer: http://localhost/appointment.php
[Tue Mar 21 12:31:33.879381 2023] [mpm_winnt:notice] [pid 3700:tid 428] AH00422: Parent: Received shutdown signal -- Shutting down the server.
[Tue Mar 21 12:31:35.898359 2023] [mpm_winnt:notice] [pid 20008:tid 412] AH00364: Child: All worker threads have exited.
[Tue Mar 21 12:31:35.913982 2023] [mpm_winnt:notice] [pid 3700:tid 428] AH00430: Parent: Child process 20008 exited successfully.
[Tue Mar 21 13:39:39.748138 2023] [mpm_winnt:notice] [pid 18972:tid 408] AH00455: Apache/2.4.53 (Win64) PHP/8.1.6 configured -- resuming normal operations
[Tue Mar 21 13:39:39.748138 2023] [mpm_winnt:notice] [pid 18972:tid 408] AH00456: Apache Lounge VS16 Server built: May  4 2022 10:41:15
[Tue Mar 21 13:39:39.748138 2023] [core:notice] [pid 18972:tid 408] AH00094: Command line: 'C:\\Apache24\\bin\\httpd.exe -d C:/Apache24'
[Tue Mar 21 13:39:39.748138 2023] [mpm_winnt:notice] [pid 18972:tid 408] AH00418: Parent: Created child process 7004
Apache server shutdown initiated...
pm_winnt:notice] [pid 7004:tid 420] AH00354: Child: Starting 64 worker threads.
[Tue Mar 21 14:33:04.592597 2023] [php:warn] [pid 7004:tid 1108] [client ::1:63718] PHP Warning:  Undefined variable $data1 in C:\\localhost\\appointment.php on line 209, referer: http://localhost/appointment.php
[Tue Mar 21 14:33:04.592597 2023] [php:error] [pid 7004:tid 1108] [client ::1:63718] PHP Fatal error:  Uncaught mysqli_sql_exception: You have an error in your SQL syntax; check the manual that corresponds to your MySQL server version for the right syntax to use near '' at line 1 in C:\\localhost\\appointment.php:209\nStack trace:\n#0 C:\\localhost\\appointment.php(209): mysqli_query(Object(mysqli), 'SELECT data FRO...')\n#1 {main}\n  thrown in C:\\localhost\\appointment.php on line 209, referer: http://localhost/appointment.php
[Tue Mar 21 14:33:40.067381 2023] [php:warn] [pid 7004:tid 1120] [client ::1:63732] PHP Warning:  Undefined variable $resultt in C:\\localhost\\appointment.php on line 210, referer: http://localhost/appointment.php
[Tue Mar 21 14:33:40.067381 2023] [php:error] [pid 7004:tid 1120] [client ::1:63732] PHP Fatal error:  Uncaught Error: Object of class mysqli_result could not be converted to string in C:\\localhost\\appointment.php:210\nStack trace:\n#0 {main}\n  thrown in C:\\localhost\\appointment.php on line 210, referer: http://localhost/appointment.php
[Tue Mar 21 14:33:56.099312 2023] [php:warn] [pid 7004:tid 1108] [client ::1:63752] PHP Warning:  Undefined variable $data1 in C:\\localhost\\appointment.php on line 208, referer: http://localhost/appointment.php
[Tue Mar 21 14:33:56.099312 2023] [php:warn] [pid 7004:tid 1108] [client ::1:63752] PHP Warning:  Undefined variable $data1 in C:\\localhost\\appointment.php on line 211, referer: http://localhost/appointment.php
[Tue Mar 21 14:33:56.099312 2023] [php:error] [pid 7004:tid 1108] [client ::1:63752] PHP Fatal error:  Uncaught mysqli_sql_exception: You have an error in your SQL syntax; check the manual that corresponds to your MySQL server version for the right syntax to use near '' at line 1 in C:\\localhost\\appointment.php:211\nStack trace:\n#0 C:\\localhost\\appointment.php(211): mysqli_query(Object(mysqli), 'SELECT data FRO...')\n#1 {main}\n  thrown in C:\\localhost\\appointment.php on line 211, referer: http://localhost/appointment.php
[Tue Mar 21 14:34:12.486949 2023] [php:warn] [pid 7004:tid 1120] [client ::1:63764] PHP Warning:  Undefined variable $data1 in C:\\localhost\\appointment.php on line 211, referer: http://localhost/appointment.php
[Tue Mar 21 14:34:12.486949 2023] [php:error] [pid 7004:tid 1120] [client ::1:63764] PHP Fatal error:  Uncaught mysqli_sql_exception: You have an error in your SQL syntax; check the manual that corresponds to your MySQL server version for the right syntax to use near '' at line 1 in C:\\localhost\\appointment.php:211\nStack trace:\n#0 C:\\localhost\\appointment.php(211): mysqli_query(Object(mysqli), 'SELECT data FRO...')\n#1 {main}\n  thrown in C:\\localhost\\appointment.php on line 211, referer: http://localhost/appointment.php
[Tue Mar 21 14:34:20.984372 2023] [php:error] [pid 7004:tid 1108] [client ::1:63775] PHP Fatal error:  Uncaught mysqli_sql_exception: Unknown column 'data' in 'field list' in C:\\localhost\\appointment.php:211\nStack trace:\n#0 C:\\localhost\\appointment.php(211): mysqli_query(Object(mysqli), 'SELECT data FRO...')\n#1 {main}\n  thrown in C:\\localhost\\appointment.php on line 211, referer: http://localhost/appointment.php
[Tue Mar 21 14:34:41.092561 2023] [php:error] [pid 7004:tid 1120] [client ::1:63781] PHP Fatal error:  Uncaught mysqli_sql_exception: Unknown column 'data' in 'field list' in C:\\localhost\\appointment.php:211\nStack trace:\n#0 C:\\localhost\\appointment.php(211): mysqli_query(Object(mysqli), 'SELECT data FRO...')\n#1 {main}\n  thrown in C:\\localhost\\appointment.php on line 211, referer: http://localhost/appointment.php
[Tue Mar 21 14:34:48.353847 2023] [php:error] [pid 7004:tid 1120] [client ::1:63781] PHP Fatal error:  Uncaught mysqli_sql_exception: Duplicate entry '9' for key 'appointment_form.PRIMARY' in C:\\localhost\\appointment.php:227\nStack trace:\n#0 C:\\localhost\\appointment.php(227): mysqli_query(Object(mysqli), 'INSERT INTO app...')\n#1 {main}\n  thrown in C:\\localhost\\appointment.php on line 227, referer: http://localhost/appointment.php
[Tue Mar 21 14:34:57.770137 2023] [php:error] [pid 7004:tid 1108] [client ::1:63791] PHP Fatal error:  Uncaught mysqli_sql_exception: Duplicate entry '9' for key 'appointment_form.PRIMARY' in C:\\localhost\\appointment.php:227\nStack trace:\n#0 C:\\localhost\\appointment.php(227): mysqli_query(Object(mysqli), 'INSERT INTO app...')\n#1 {main}\n  thrown in C:\\localhost\\appointment.php on line 227, referer: http://localhost/appointment.php
[Tue Mar 21 14:36:16.857538 2023] [php:error] [pid 7004:tid 1120] [client ::1:63849] PHP Fatal error:  Uncaught mysqli_sql_exception: Duplicate entry '9' for key 'appointment_form.PRIMARY' in C:\\localhost\\appointment.php:231\nStack trace:\n#0 C:\\localhost\\appointment.php(231): mysqli_query(Object(mysqli), 'INSERT INTO app...')\n#1 {main}\n  thrown in C:\\localhost\\appointment.php on line 231, referer: http://localhost/appointment.php
[Tue Mar 21 14:36:40.390443 2023] [php:error] [pid 7004:tid 1108] [client ::1:63850] PHP Fatal error:  Uncaught mysqli_sql_exception: Duplicate entry '9' for key 'appointment_form.PRIMARY' in C:\\localhost\\appointment.php:231\nStack trace:\n#0 C:\\localhost\\appointment.php(231): mysqli_query(Object(mysqli), 'INSERT INTO app...')\n#1 {main}\n  thrown in C:\\localhost\\appointment.php on line 231, referer: http://localhost/appointment.php
[Tue Mar 21 14:41:32.039847 2023] [php:error] [pid 7004:tid 1108] [client ::1:64121] PHP Fatal error:  Uncaught Error: Object of class mysqli_result could not be converted to string in C:\\localhost\\appointment.php:214\nStack trace:\n#0 {main}\n  thrown in C:\\localhost\\appointment.php on line 214, referer: http://localhost/appointment.php
[Tue Mar 21 14:43:02.163911 2023] [php:error] [pid 7004:tid 1120] [client ::1:64169] PHP Fatal error:  Uncaught TypeError: mysqli_real_escape_string(): Argument #2 ($string) must be of type string, mysqli_result given in C:\\localhost\\appointment.php:210\nStack trace:\n#0 C:\\localhost\\appointment.php(210): mysqli_real_escape_string(Object(mysqli), Object(mysqli_result))\n#1 {main}\n  thrown in C:\\localhost\\appointment.php on line 210, referer: http://localhost/appointment.php
[Tue Mar 21 14:47:21.848353 2023] [php:error] [pid 7004:tid 1108] [client ::1:64339] PHP Fatal error:  Uncaught TypeError: htmlentities(): Argument #1 ($string) must be of type string, mysqli_result given in C:\\localhost\\appointment.php:210\nStack trace:\n#0 C:\\localhost\\appointment.php(210): htmlentities(Object(mysqli_result))\n#1 {main}\n  thrown in C:\\localhost\\appointment.php on line 210, referer: http://localhost/appointment.php
[Tue Mar 21 14:47:31.143170 2023] [php:error] [pid 7004:tid 1120] [client ::1:64340] PHP Fatal error:  Uncaught Error: Object of class mysqli_result could not be converted to string in C:\\localhost\\appointment.php:211\nStack trace:\n#0 {main}\n  thrown in C:\\localhost\\appointment.php on line 211, referer: http://localhost/appointment.php
[Tue Mar 21 14:49:35.020234 2023] [php:warn] [pid 7004:tid 1108] [client ::1:64434] PHP Warning:  Undefined variable $result in C:\\localhost\\appointment.php on line 210, referer: http://localhost/appointment.php
[Tue Mar 21 14:49:35.020234 2023] [php:error] [pid 7004:tid 1108] [client ::1:64434] PHP Fatal error:  Uncaught TypeError: mysqli_fetch_array(): Argument #1 ($result) must be of type mysqli_result, null given in C:\\localhost\\appointment.php:210\nStack trace:\n#0 C:\\localhost\\appointment.php(210): mysqli_fetch_array(NULL)\n#1 {main}\n  thrown in C:\\localhost\\appointment.php on line 210, referer: http://localhost/appointment.php
[Tue Mar 21 15:20:41.440982 2023] [php:error] [pid 7004:tid 1108] [client ::1:49591] PHP Fatal error:  Uncaught mysqli_sql_exception: Unknown column 'date1' in 'where clause' in C:\\localhost\\appointment.php:209\nStack trace:\n#0 C:\\localhost\\appointment.php(209): mysqli_query(Object(mysqli), 'SELECT * FROM s...')\n#1 {main}\n  thrown in C:\\localhost\\appointment.php on line 209, referer: http://localhost/appointment.php
[Tue Mar 21 15:20:56.367811 2023] [php:error] [pid 7004:tid 1116] [client ::1:49592] PHP Fatal error:  Uncaught mysqli_sql_exception: Unknown column 'date1' in 'where clause' in C:\\localhost\\appointment.php:209\nStack trace:\n#0 C:\\localhost\\appointment.php(209): mysqli_query(Object(mysqli), 'SELECT * FROM s...')\n#1 {main}\n  thrown in C:\\localhost\\appointment.php on line 209, referer: http://localhost/appointment.php
[Tue Mar 21 15:20:57.847738 2023] [php:error] [pid 7004:tid 1116] [client ::1:49592] PHP Fatal error:  Uncaught mysqli_sql_exception: Unknown column 'date1' in 'where clause' in C:\\localhost\\appointment.php:209\nStack trace:\n#0 C:\\localhost\\appointment.php(209): mysqli_query(Object(mysqli), 'SELECT * FROM s...')\n#1 {main}\n  thrown in C:\\localhost\\appointment.php on line 209, referer: http://localhost/appointment.php
[Tue Mar 21 15:20:58.294586 2023] [php:error] [pid 7004:tid 1116] [client ::1:49592] PHP Fatal error:  Uncaught mysqli_sql_exception: Unknown column 'date1' in 'where clause' in C:\\localhost\\appointment.php:209\nStack trace:\n#0 C:\\localhost\\appointment.php(209): mysqli_query(Object(mysqli), 'SELECT * FROM s...')\n#1 {main}\n  thrown in C:\\localhost\\appointment.php on line 209, referer: http://localhost/appointment.php
[Tue Mar 21 15:20:58.542576 2023] [php:error] [pid 7004:tid 1116] [client ::1:49592] PHP Fatal error:  Uncaught mysqli_sql_exception: Unknown column 'date1' in 'where clause' in C:\\localhost\\appointment.php:209\nStack trace:\n#0 C:\\localhost\\appointment.php(209): mysqli_query(Object(mysqli), 'SELECT * FROM s...')\n#1 {main}\n  thrown in C:\\localhost\\appointment.php on line 209, referer: http://localhost/appointment.php
[Tue Mar 21 15:20:59.917805 2023] [php:error] [pid 7004:tid 1116] [client ::1:49592] PHP Fatal error:  Uncaught mysqli_sql_exception: Unknown column 'date1' in 'where clause' in C:\\localhost\\appointment.php:209\nStack trace:\n#0 C:\\localhost\\appointment.php(209): mysqli_query(Object(mysqli), 'SELECT * FROM s...')\n#1 {main}\n  thrown in C:\\localhost\\appointment.php on line 209, referer: http://localhost/appointment.php
[Tue Mar 21 16:20:48.776617 2023] [php:error] [pid 7004:tid 1108] [client ::1:56253] PHP Fatal error:  Uncaught mysqli_sql_exception: Duplicate entry '1' for key 'appointment_form.PRIMARY' in C:\\localhost\\appointment.php:231\nStack trace:\n#0 C:\\localhost\\appointment.php(231): mysqli_query(Object(mysqli), 'INSERT INTO app...')\n#1 {main}\n  thrown in C:\\localhost\\appointment.php on line 231, referer: http://localhost/appointment.php
[Tue Mar 21 16:21:28.990054 2023] [php:error] [pid 7004:tid 1112] [client ::1:56260] PHP Fatal error:  Uncaught mysqli_sql_exception: Duplicate entry '1' for key 'appointment_form.PRIMARY' in C:\\localhost\\appointment.php:231\nStack trace:\n#0 C:\\localhost\\appointment.php(231): mysqli_query(Object(mysqli), 'INSERT INTO app...')\n#1 {main}\n  thrown in C:\\localhost\\appointment.php on line 231, referer: http://localhost/appointment.php
[Tue Mar 21 16:21:57.051530 2023] [php:error] [pid 7004:tid 1112] [client ::1:56291] PHP Fatal error:  Uncaught mysqli_sql_exception: Duplicate entry '0' for key 'appointment_form.PRIMARY' in C:\\localhost\\appointment.php:231\nStack trace:\n#0 C:\\localhost\\appointment.php(231): mysqli_query(Object(mysqli), 'INSERT INTO app...')\n#1 {main}\n  thrown in C:\\localhost\\appointment.php on line 231, referer: http://localhost/appointment.php
[Tue Mar 21 16:26:28.266787 2023] [php:warn] [pid 7004:tid 1088] [client ::1:56562] PHP Warning:  Undefined variable $resultt1 in C:\\localhost\\appointment.php on line 211, referer: http://localhost/appointment.php
[Tue Mar 21 16:26:28.266787 2023] [php:warn] [pid 7004:tid 1088] [client ::1:56562] PHP Warning:  Undefined variable $rows1 in C:\\localhost\\appointment.php on line 231, referer: http://localhost/appointment.php
[Tue Mar 21 16:27:01.427882 2023] [php:warn] [pid 7004:tid 1108] [client ::1:56595] PHP Warning:  Undefined variable $resultt1 in C:\\localhost\\appointment.php on line 211, referer: http://localhost/appointment.php
[Tue Mar 21 16:27:01.427882 2023] [php:warn] [pid 7004:tid 1108] [client ::1:56595] PHP Warning:  Undefined variable $rows1 in C:\\localhost\\appointment.php on line 231, referer: http://localhost/appointment.php
[Tue Mar 21 16:40:16.006297 2023] [mpm_winnt:notice] [pid 18972:tid 408] AH00422: Parent: Received shutdown signal -- Shutting down the server.
[Tue Mar 21 16:40:18.017329 2023] [mpm_winnt:notice] [pid 7004:tid 420] AH00364: Child: All worker threads have exited.
[Tue Mar 21 16:40:18.048690 2023] [mpm_winnt:notice] [pid 18972:tid 408] AH00430: Parent: Child process 7004 exited successfully.
[Tue Mar 21 16:40:19.744238 2023] [mpm_winnt:notice] [pid 11416:tid 412] AH00455: Apache/2.4.53 (Win64) PHP/8.1.6 configured -- resuming normal operations
[Tue Mar 21 16:40:19.744238 2023] [mpm_winnt:notice] [pid 11416:tid 412] AH00456: Apache Lounge VS16 Server built: May  4 2022 10:41:15
[Tue Mar 21 16:40:19.744238 2023] [core:notice] [pid 11416:tid 412] AH00094: Command line: 'C:\\Apache24\\bin\\httpd.exe -d C:/Apache24'
[Tue Mar 21 16:40:19.744238 2023] [mpm_winnt:notice] [pid 11416:tid 412] AH00418: Parent: Created child process 17972
Apache server shutdown initiated...
pm_winnt:notice] [pid 17972:tid 436] AH00354: Child: Starting 64 worker threads.
[Tue Mar 21 16:45:12.603679 2023] [php:warn] [pid 17972:tid 1092] [client ::1:57550] PHP Warning:  Undefined variable $new_date in C:\\localhost\\appointment.php on line 208, referer: http://localhost/appointment.php
[Tue Mar 21 16:45:12.603679 2023] [php:error] [pid 17972:tid 1092] [client ::1:57550] PHP Fatal error:  Uncaught mysqli_sql_exception: Incorrect DATE value: '' in C:\\localhost\\appointment.php:208\nStack trace:\n#0 C:\\localhost\\appointment.php(208): mysqli_query(Object(mysqli), 'SELECT * FROM s...')\n#1 {main}\n  thrown in C:\\localhost\\appointment.php on line 208, referer: http://localhost/appointment.php
[Tue Mar 21 16:45:43.243300 2023] [php:warn] [pid 17972:tid 1100] [client ::1:57626] PHP Warning:  Undefined variable $new_date in C:\\localhost\\appointment.php on line 227, referer: http://localhost/appointment.php
[Tue Mar 21 17:02:37.536289 2023] [mpm_winnt:notice] [pid 11416:tid 412] AH00422: Parent: Received shutdown signal -- Shutting down the server.
[Tue Mar 21 17:02:39.558596 2023] [mpm_winnt:notice] [pid 17972:tid 436] AH00364: Child: All worker threads have exited.
[Tue Mar 21 17:02:39.592909 2023] [mpm_winnt:notice] [pid 11416:tid 412] AH00430: Parent: Child process 17972 exited successfully.
[Tue Mar 21 17:05:10.927649 2023] [core:warn] [pid 17948:tid 408] AH00098: pid file C:/Apache24/logs/httpd.pid overwritten -- Unclean shutdown of previous Apache run?
[Tue Mar 21 17:05:10.942645 2023] [mpm_winnt:notice] [pid 17948:tid 408] AH00455: Apache/2.4.53 (Win64) PHP/8.1.6 configured -- resuming normal operations
[Tue Mar 21 17:05:10.942645 2023] [mpm_winnt:notice] [pid 17948:tid 408] AH00456: Apache Lounge VS16 Server built: May  4 2022 10:41:15
[Tue Mar 21 17:05:10.942645 2023] [core:notice] [pid 17948:tid 408] AH00094: Command line: 'C:\\Apache24\\bin\\httpd.exe -d C:/Apache24'
[Tue Mar 21 17:05:10.944719 2023] [mpm_winnt:notice] [pid 17948:tid 408] AH00418: Parent: Created child process 7784
Apache server shutdown initiated...
pm_winnt:notice] [pid 7784:tid 412] AH00354: Child: Starting 64 worker threads.
[Tue Mar 21 17:23:53.411124 2023] [php:warn] [pid 7784:tid 1108] [client ::1:59178] PHP Warning:  Cannot modify header information - headers already sent by (output started at C:\\localhost\\appointment.php:17) in C:\\localhost\\appointment.php on line 231, referer: http://localhost/appointment.php
[Tue Mar 21 17:24:47.360871 2023] [php:warn] [pid 7784:tid 1108] [client ::1:59206] PHP Warning:  Cannot modify header information - headers already sent by (output started at C:\\localhost\\appointment.php:17) in C:\\localhost\\appointment.php on line 231, referer: http://localhost/appointment.php
[Tue Mar 21 17:26:31.948851 2023] [php:warn] [pid 7784:tid 1096] [client ::1:59301] PHP Warning:  Cannot modify header information - headers already sent by (output started at C:\\localhost\\appointment.php:17) in C:\\localhost\\appointment.php on line 231, referer: http://localhost/appointment.php
[Tue Mar 21 17:27:28.664068 2023] [php:warn] [pid 7784:tid 1108] [client ::1:59303] PHP Warning:  Cannot modify header information - headers already sent by (output started at C:\\localhost\\appointment.php:17) in C:\\localhost\\appointment.php on line 231, referer: http://localhost/appointment.php
[Tue Mar 21 17:27:46.872982 2023] [php:warn] [pid 7784:tid 1096] [client ::1:59335] PHP Warning:  Cannot modify header information - headers already sent by (output started at C:\\localhost\\appointment.php:17) in C:\\localhost\\appointment.php on line 231, referer: http://localhost/appointment.php
[Tue Mar 21 17:28:37.492159 2023] [php:warn] [pid 7784:tid 1108] [client ::1:59351] PHP Warning:  Cannot modify header information - headers already sent by (output started at C:\\localhost\\appointment.php:1) in C:\\localhost\\appointment.php on line 228, referer: http://localhost/appointment.php
[Tue Mar 21 17:31:54.658304 2023] [php:warn] [pid 7784:tid 1076] [client ::1:59521] PHP Warning:  Cannot modify header information - headers already sent by (output started at C:\\localhost\\appointment.php:1) in C:\\localhost\\appointment.php on line 228, referer: http://localhost/appointment.php
[Tue Mar 21 17:39:16.957453 2023] [php:warn] [pid 7784:tid 1120] [client ::1:59935] PHP Warning:  Cannot modify header information - headers already sent by (output started at C:\\localhost\\appointment.php:1) in C:\\localhost\\appointment.php on line 228, referer: http://localhost/appointment.php
[Tue Mar 21 17:39:30.482498 2023] [php:warn] [pid 7784:tid 1076] [client ::1:59950] PHP Warning:  Cannot modify header information - headers already sent by (output started at C:\\localhost\\appointment.php:1) in C:\\localhost\\appointment.php on line 228, referer: http://localhost/appointment.php
[Tue Mar 21 17:40:26.444227 2023] [php:warn] [pid 7784:tid 1120] [client ::1:59959] PHP Warning:  Cannot modify header information - headers already sent by (output started at C:\\localhost\\appointment.php:1) in C:\\localhost\\appointment.php on line 228, referer: http://localhost/appointment.php
[Tue Mar 21 17:40:49.192857 2023] [php:warn] [pid 7784:tid 1120] [client ::1:59996] PHP Warning:  Cannot modify header information - headers already sent by (output started at C:\\localhost\\appointment.php:1) in C:\\localhost\\appointment.php on line 228, referer: http://localhost/appointment.php
[Tue Mar 21 17:42:02.693754 2023] [php:warn] [pid 7784:tid 1076] [client ::1:60066] PHP Warning:  Cannot modify header information - headers already sent by (output started at C:\\localhost\\appointment.php:1) in C:\\localhost\\appointment.php on line 228, referer: http://localhost/appointment.php
[Tue Mar 21 17:43:20.115061 2023] [php:warn] [pid 7784:tid 1120] [client ::1:60107] PHP Warning:  Cannot modify header information - headers already sent by (output started at C:\\localhost\\appointment.php:1) in C:\\localhost\\appointment.php on line 228, referer: http://localhost/appointment.php
[Tue Mar 21 17:43:35.476471 2023] [php:warn] [pid 7784:tid 1076] [client ::1:60108] PHP Warning:  Cannot modify header information - headers already sent by (output started at C:\\localhost\\appointment.php:1) in C:\\localhost\\appointment.php on line 228, referer: http://localhost/appointment.php
[Tue Mar 21 17:44:08.799194 2023] [php:warn] [pid 7784:tid 1076] [client ::1:60126] PHP Warning:  Cannot modify header information - headers already sent by (output started at C:\\localhost\\appointment.php:1) in C:\\localhost\\appointment.php on line 228, referer: http://localhost/appointment.php
[Tue Mar 21 17:45:29.317391 2023] [php:warn] [pid 7784:tid 1076] [client ::1:60197] PHP Warning:  Cannot modify header information - headers already sent by (output started at C:\\localhost\\appointment.php:1) in C:\\localhost\\appointment.php on line 227, referer: http://localhost/appointment.php
[Tue Mar 21 17:48:00.292695 2023] [php:warn] [pid 7784:tid 1120] [client ::1:60339] PHP Warning:  Cannot modify header information - headers already sent by (output started at C:\\localhost\\appointment.php:1) in C:\\localhost\\appointment.php on line 227, referer: http://localhost/appointment.php
[Tue Mar 21 17:48:02.703833 2023] [php:warn] [pid 7784:tid 1120] [client ::1:60339] PHP Warning:  Cannot modify header information - headers already sent by (output started at C:\\localhost\\appointment.php:1) in C:\\localhost\\appointment.php on line 227, referer: http://localhost/appointment.php
[Tue Mar 21 17:50:34.696460 2023] [php:warn] [pid 7784:tid 1076] [client ::1:60423] PHP Warning:  Cannot modify header information - headers already sent by (output started at C:\\localhost\\appointment.php:1) in C:\\localhost\\appointment.php on line 228, referer: http://localhost/appointment.php
[Tue Mar 21 17:50:52.356895 2023] [php:warn] [pid 7784:tid 1120] [client ::1:60424] PHP Warning:  Cannot modify header information - headers already sent by (output started at C:\\localhost\\appointment.php:1) in C:\\localhost\\appointment.php on line 228, referer: http://localhost/appointment.php
[Tue Mar 21 17:52:36.781589 2023] [php:warn] [pid 7784:tid 1076] [client ::1:60498] PHP Warning:  Cannot modify header information - headers already sent by (output started at C:\\localhost\\appointment.php:1) in C:\\localhost\\appointment.php on line 228, referer: http://localhost/appointment.php
[Tue Mar 21 17:54:00.240067 2023] [php:warn] [pid 7784:tid 1120] [client ::1:60545] PHP Warning:  Cannot modify header information - headers already sent by (output started at C:\\localhost\\appointment.php:1) in C:\\localhost\\appointment.php on line 224, referer: http://localhost/appointment.php
[Tue Mar 21 17:54:55.777467 2023] [php:warn] [pid 7784:tid 1120] [client ::1:60578] PHP Warning:  Cannot modify header information - headers already sent by (output started at C:\\localhost\\appointment.php:1) in C:\\localhost\\appointment.php on line 224, referer: http://localhost/appointment.php
[Tue Mar 21 17:55:03.525910 2023] [mpm_winnt:notice] [pid 17948:tid 408] AH00422: Parent: Received shutdown signal -- Shutting down the server.
[Tue Mar 21 17:55:14.621440 2023] [core:warn] [pid 17404:tid 408] AH00098: pid file C:/Apache24/logs/httpd.pid overwritten -- Unclean shutdown of previous Apache run?
[Tue Mar 21 17:55:14.668310 2023] [mpm_winnt:notice] [pid 17404:tid 408] AH00455: Apache/2.4.53 (Win64) PHP/8.1.6 configured -- resuming normal operations
[Tue Mar 21 17:55:14.668310 2023] [mpm_winnt:notice] [pid 17404:tid 408] AH00456: Apache Lounge VS16 Server built: May  4 2022 10:41:15
[Tue Mar 21 17:55:14.668310 2023] [core:notice] [pid 17404:tid 408] AH00094: Command line: 'C:\\Apache24\\bin\\httpd.exe -d C:/Apache24'
[Tue Mar 21 17:55:14.668310 2023] [mpm_winnt:notice] [pid 17404:tid 408] AH00418: Parent: Created child process 13260
Apache server shutdown initiated...
pm_winnt:notice] [pid 13260:tid 412] AH00354: Child: Starting 64 worker threads.
[Tue Mar 21 17:55:32.607077 2023] [php:warn] [pid 13260:tid 1104] [client ::1:60612] PHP Warning:  Cannot modify header information - headers already sent by (output started at C:\\localhost\\appointment.php:1) in C:\\localhost\\appointment.php on line 224, referer: http://localhost/appointment.php
[Tue Mar 21 20:18:49.734203 2023] [php:error] [pid 13260:tid 1064] [client ::1:53722] PHP Fatal error:  Uncaught Error: Object of class mysqli_result could not be converted to string in C:\\localhost\\appointment2.php:123\nStack trace:\n#0 {main}\n  thrown in C:\\localhost\\appointment2.php on line 123, referer: http://localhost/appointment.php
[Tue Mar 21 20:22:04.831148 2023] [php:warn] [pid 13260:tid 1104] [client ::1:53773] PHP Warning:  Array to string conversion in C:\\localhost\\appointment2.php on line 124, referer: http://localhost/appointment.php
[Tue Mar 21 20:22:04.831148 2023] [php:error] [pid 13260:tid 1104] [client ::1:53773] PHP Fatal error:  Uncaught mysqli_sql_exception: Incorrect DATE value: 'Array' in C:\\localhost\\appointment2.php:124\nStack trace:\n#0 C:\\localhost\\appointment2.php(124): mysqli_query(Object(mysqli), 'SELECT time FRO...')\n#1 {main}\n  thrown in C:\\localhost\\appointment2.php on line 124, referer: http://localhost/appointment.php
[Tue Mar 21 20:22:21.990590 2023] [php:warn] [pid 13260:tid 1064] [client ::1:53774] PHP Warning:  Array to string conversion in C:\\localhost\\appointment2.php on line 128, referer: http://localhost/appointment.php
[Tue Mar 21 20:24:44.124636 2023] [php:error] [pid 13260:tid 1068] [client ::1:53852] PHP Fatal error:  Uncaught mysqli_sql_exception: Incorrect DATE value: 'a' in C:\\localhost\\appointment2.php:125\nStack trace:\n#0 C:\\localhost\\appointment2.php(125): mysqli_query(Object(mysqli), 'SELECT time FRO...')\n#1 {main}\n  thrown in C:\\localhost\\appointment2.php on line 125, referer: http://localhost/appointment.php
[Tue Mar 21 20:25:04.126820 2023] [php:error] [pid 13260:tid 1092] [client ::1:53853] PHP Fatal error:  Uncaught mysqli_sql_exception: Incorrect DATE value: 'a' in C:\\localhost\\appointment2.php:125\nStack trace:\n#0 C:\\localhost\\appointment2.php(125): mysqli_query(Object(mysqli), 'SELECT time FRO...')\n#1 {main}\n  thrown in C:\\localhost\\appointment2.php on line 125, referer: http://localhost/appointment.php
[Tue Mar 21 20:25:05.619369 2023] [php:error] [pid 13260:tid 1092] [client ::1:53853] PHP Fatal error:  Uncaught mysqli_sql_exception: Incorrect DATE value: 'a:2:{i:0;s:10:"2023-03-22";s:5:"date1";s:10:"2023-03-22";}' in C:\\localhost\\appointment2.php:125\nStack trace:\n#0 C:\\localhost\\appointment2.php(125): mysqli_query(Object(mysqli), 'SELECT time FRO...')\n#1 {main}\n  thrown in C:\\localhost\\appointment2.php on line 125, referer: http://localhost/appointment.php
[Tue Mar 21 20:25:06.008795 2023] [php:error] [pid 13260:tid 1092] [client ::1:53853] PHP Fatal error:  Uncaught mysqli_sql_exception: Incorrect DATE value: 'a:2:{i:0;s:10:"2023-03-22";s:5:"date1";s:10:"2023-03-22";}' in C:\\localhost\\appointment2.php:125\nStack trace:\n#0 C:\\localhost\\appointment2.php(125): mysqli_query(Object(mysqli), 'SELECT time FRO...')\n#1 {main}\n  thrown in C:\\localhost\\appointment2.php on line 125, referer: http://localhost/appointment.php
[Tue Mar 21 20:25:06.211758 2023] [php:error] [pid 13260:tid 1092] [client ::1:53853] PHP Fatal error:  Uncaught mysqli_sql_exception: Incorrect DATE value: 'a:2:{i:0;s:10:"2023-03-22";s:5:"date1";s:10:"2023-03-22";}' in C:\\localhost\\appointment2.php:125\nStack trace:\n#0 C:\\localhost\\appointment2.php(125): mysqli_query(Object(mysqli), 'SELECT time FRO...')\n#1 {main}\n  thrown in C:\\localhost\\appointment2.php on line 125, referer: http://localhost/appointment.php
[Tue Mar 21 20:25:06.440251 2023] [php:error] [pid 13260:tid 1092] [client ::1:53853] PHP Fatal error:  Uncaught mysqli_sql_exception: Incorrect DATE value: 'a:2:{i:0;s:10:"2023-03-22";s:5:"date1";s:10:"2023-03-22";}' in C:\\localhost\\appointment2.php:125\nStack trace:\n#0 C:\\localhost\\appointment2.php(125): mysqli_query(Object(mysqli), 'SELECT time FRO...')\n#1 {main}\n  thrown in C:\\localhost\\appointment2.php on line 125, referer: http://localhost/appointment.php
[Tue Mar 21 20:25:06.675561 2023] [php:error] [pid 13260:tid 1092] [client ::1:53853] PHP Fatal error:  Uncaught mysqli_sql_exception: Incorrect DATE value: 'a:2:{i:0;s:10:"2023-03-22";s:5:"date1";s:10:"2023-03-22";}' in C:\\localhost\\appointment2.php:125\nStack trace:\n#0 C:\\localhost\\appointment2.php(125): mysqli_query(Object(mysqli), 'SELECT time FRO...')\n#1 {main}\n  thrown in C:\\localhost\\appointment2.php on line 125, referer: http://localhost/appointment.php
[Tue Mar 21 20:25:06.951063 2023] [php:error] [pid 13260:tid 1092] [client ::1:53853] PHP Fatal error:  Uncaught mysqli_sql_exception: Incorrect DATE value: 'a:2:{i:0;s:10:"2023-03-22";s:5:"date1";s:10:"2023-03-22";}' in C:\\localhost\\appointment2.php:125\nStack trace:\n#0 C:\\localhost\\appointment2.php(125): mysqli_query(Object(mysqli), 'SELECT time FRO...')\n#1 {main}\n  thrown in C:\\localhost\\appointment2.php on line 125, referer: http://localhost/appointment.php
[Tue Mar 21 20:40:34.888155 2023] [php:warn] [pid 13260:tid 1064] [client ::1:54117] PHP Warning:  Undefined array key "theme1" in C:\\localhost\\appointment2.php on line 159, referer: http://localhost/appointment2.php
[Tue Mar 21 20:40:34.888155 2023] [php:notice] [pid 13260:tid 1064] [client ::1:54117] PHP Deprecated:  mysqli_real_escape_string(): Passing null to parameter #2 ($string) of type string is deprecated in C:\\localhost\\appointment2.php on line 159, referer: http://localhost/appointment2.php
[Tue Mar 21 20:40:34.888155 2023] [php:error] [pid 13260:tid 1064] [client ::1:54117] PHP Fatal error:  Uncaught mysqli_sql_exception: You have an error in your SQL syntax; check the manual that corresponds to your MySQL server version for the right syntax to use near '')' at line 1 in C:\\localhost\\appointment2.php:162\nStack trace:\n#0 C:\\localhost\\appointment2.php(162): mysqli_query(Object(mysqli), 'UPDATE appointm...')\n#1 {main}\n  thrown in C:\\localhost\\appointment2.php on line 162, referer: http://localhost/appointment2.php
[Tue Mar 21 20:40:47.718711 2023] [php:error] [pid 13260:tid 1064] [client ::1:54134] PHP Fatal error:  Uncaught mysqli_sql_exception: You have an error in your SQL syntax; check the manual that corresponds to your MySQL server version for the right syntax to use near '')' at line 1 in C:\\localhost\\appointment2.php:162\nStack trace:\n#0 C:\\localhost\\appointment2.php(162): mysqli_query(Object(mysqli), 'UPDATE appointm...')\n#1 {main}\n  thrown in C:\\localhost\\appointment2.php on line 162, referer: http://localhost/appointment2.php
[Tue Mar 21 20:45:09.595884 2023] [php:error] [pid 13260:tid 1092] [client ::1:54223] PHP Fatal error:  Uncaught mysqli_sql_exception: You have an error in your SQL syntax; check the manual that corresponds to your MySQL server version for the right syntax to use near ')' at line 1 in C:\\localhost\\appointment2.php:163\nStack trace:\n#0 C:\\localhost\\appointment2.php(163): mysqli_query(Object(mysqli), 'UPDATE appointm...')\n#1 {main}\n  thrown in C:\\localhost\\appointment2.php on line 163, referer: http://localhost/appointment2.php
[Tue Mar 21 20:46:53.767113 2023] [php:error] [pid 13260:tid 1068] [client ::1:54235] PHP Fatal error:  Uncaught mysqli_sql_exception: You have an error in your SQL syntax; check the manual that corresponds to your MySQL server version for the right syntax to use near ')' at line 1 in C:\\localhost\\appointment2.php:163\nStack trace:\n#0 C:\\localhost\\appointment2.php(163): mysqli_query(Object(mysqli), 'UPDATE appointm...')\n#1 {main}\n  thrown in C:\\localhost\\appointment2.php on line 163, referer: http://localhost/appointment2.php
[Tue Mar 21 20:47:26.052646 2023] [php:error] [pid 13260:tid 1104] [client ::1:54248] PHP Fatal error:  Uncaught mysqli_sql_exception: You have an error in your SQL syntax; check the manual that corresponds to your MySQL server version for the right syntax to use near ')' at line 1 in C:\\localhost\\appointment2.php:163\nStack trace:\n#0 C:\\localhost\\appointment2.php(163): mysqli_query(Object(mysqli), 'UPDATE appointm...')\n#1 {main}\n  thrown in C:\\localhost\\appointment2.php on line 163, referer: http://localhost/appointment2.php
[Tue Mar 21 21:05:47.534105 2023] [php:error] [pid 13260:tid 1064] [client ::1:54831] PHP Fatal error:  Uncaught mysqli_sql_exception: Unknown column 'id' in 'where clause' in C:\\localhost\\appointment2.php:125\nStack trace:\n#0 C:\\localhost\\appointment2.php(125): mysqli_query(Object(mysqli), 'SELECT time FRO...')\n#1 {main}\n  thrown in C:\\localhost\\appointment2.php on line 125, referer: http://localhost/appointment.php
[Tue Mar 21 22:15:26.348033 2023] [php:warn] [pid 13260:tid 1092] [client ::1:60701] PHP Warning:  session_start(): Session cannot be started after headers have already been sent in C:\\localhost\\admin1.php on line 114, referer: http://localhost/admin.php
[Tue Mar 21 22:23:57.885344 2023] [php:error] [pid 13260:tid 1092] [client ::1:60773] script 'C:/localhost/admin_delete.php' not found or unable to stat, referer: http://localhost/admin1.php
[Tue Mar 21 22:24:10.278092 2023] [php:error] [pid 13260:tid 1092] [client ::1:60777] script 'C:/localhost/admin_delete.php' not found or unable to stat, referer: http://localhost/admin1.php
[Tue Mar 21 22:35:52.382330 2023] [php:error] [pid 13260:tid 1100] [client ::1:61079] script 'C:/localhost/admin1_add.php' not found or unable to stat, referer: http://localhost/admin1_delete.php
[Tue Mar 21 22:37:50.660114 2023] [php:error] [pid 13260:tid 1100] [client ::1:61096] script 'C:/localhost/admin_delete.php' not found or unable to stat
[Tue Mar 21 22:38:48.821541 2023] [php:error] [pid 13260:tid 1092] [client ::1:61100] script 'C:/localhost/admin1_update.php' not found or unable to stat, referer: http://localhost/admin1_delete.php
[Tue Mar 21 22:40:13.527092 2023] [php:error] [pid 13260:tid 1076] [client ::1:61169] script 'C:/localhost/admin1_add.php' not found or unable to stat, referer: http://localhost/admin1_delete.php
[Wed Mar 22 08:49:42.375761 2023] [mpm_winnt:notice] [pid 17404:tid 408] AH00422: Parent: Received shutdown signal -- Shutting down the server.
[Wed Mar 22 08:49:42.396532 2023] [mpm_winnt:notice] [pid 17404:tid 408] AH00430: Parent: Child process 13260 exited successfully.
[Wed Mar 22 08:49:47.828216 2023] [mpm_winnt:notice] [pid 9244:tid 408] AH00455: Apache/2.4.53 (Win64) PHP/8.1.6 configured -- resuming normal operations
[Wed Mar 22 08:49:47.828216 2023] [mpm_winnt:notice] [pid 9244:tid 408] AH00456: Apache Lounge VS16 Server built: May  4 2022 10:41:15
[Wed Mar 22 08:49:47.828216 2023] [core:notice] [pid 9244:tid 408] AH00094: Command line: 'C:\\Apache24\\bin\\httpd.exe -d C:/Apache24'
[Wed Mar 22 08:49:47.828216 2023] [mpm_winnt:notice] [pid 9244:tid 408] AH00418: Parent: Created child process 2380
Apache server shutdown initiated...
pm_winnt:notice] [pid 2380:tid 428] AH00354: Child: Starting 64 worker threads.
[Wed Mar 22 08:50:28.536427 2023] [php:error] [pid 2380:tid 1116] [client ::1:62780] script 'C:/localhost/admin1_add.php' not found or unable to stat, referer: http://localhost/admin1_delete.php
[Wed Mar 22 08:53:58.366302 2023] [php:error] [pid 2380:tid 1108] [client ::1:62825] script 'C:/localhost/admin1_delete.php' not found or unable to stat, referer: http://localhost/admin1.php
[Wed Mar 22 08:55:49.791521 2023] [php:error] [pid 2380:tid 1116] [client ::1:62845] PHP Fatal error:  Uncaught TypeError: Unsupported operand types: string * int in C:\\localhost\\admin1_update.php:141\nStack trace:\n#0 {main}\n  thrown in C:\\localhost\\admin1_update.php on line 141, referer: http://localhost/admin1.php
[Wed Mar 22 09:01:01.303859 2023] [php:error] [pid 2380:tid 1100] [client ::1:62882] script 'C:/localhost/admin1_delete.php' not found or unable to stat, referer: http://localhost/admin1_update.php
[Wed Mar 22 09:16:21.353083 2023] [php:error] [pid 2380:tid 1108] [client ::1:63205] script 'C:/localhost/admin1_add.php' not found or unable to stat, referer: http://localhost/admin1_delete.php
[Wed Mar 22 09:18:52.152793 2023] [php:error] [pid 2380:tid 1092] [client ::1:63281] script 'C:/localhost/admin1_add.php' not found or unable to stat, referer: http://localhost/admin1_delete.php
[Wed Mar 22 09:20:52.329101 2023] [php:error] [pid 2380:tid 1116] [client ::1:63315] script 'C:/localhost/admin1_add.php' not found or unable to stat, referer: http://localhost/admin1_delete.php
[Wed Mar 22 09:43:11.364745 2023] [php:error] [pid 2380:tid 1092] [client ::1:63661] PHP Fatal error:  Uncaught mysqli_sql_exception: Unknown column 'id' in 'field list' in C:\\localhost\\admin2_delete.php:142\nStack trace:\n#0 C:\\localhost\\admin2_delete.php(142): mysqli_query(Object(mysqli), 'SELECT id FROM ...')\n#1 {main}\n  thrown in C:\\localhost\\admin2_delete.php on line 142, referer: http://localhost/admin2.php
[Wed Mar 22 09:54:13.486558 2023] [php:error] [pid 2380:tid 1108] [client ::1:64033] PHP Fatal error:  Uncaught mysqli_sql_exception: Unknown column 'title' in 'field list' in C:\\localhost\\admin2_update.php:170\nStack trace:\n#0 C:\\localhost\\admin2_update.php(170): mysqli_query(Object(mysqli), 'UPDATE schedule...')\n#1 {main}\n  thrown in C:\\localhost\\admin2_update.php on line 170, referer: http://localhost/admin2_update.php
[Wed Mar 22 09:55:06.875952 2023] [php:error] [pid 2380:tid 1084] [client ::1:64049] PHP Fatal error:  Uncaught mysqli_sql_exception: Unknown column 'title' in 'field list' in C:\\localhost\\admin2_update.php:170\nStack trace:\n#0 C:\\localhost\\admin2_update.php(170): mysqli_query(Object(mysqli), 'UPDATE schedule...')\n#1 {main}\n  thrown in C:\\localhost\\admin2_update.php on line 170, referer: http://localhost/admin2_update.php
[Wed Mar 22 09:55:44.655209 2023] [php:error] [pid 2380:tid 1108] [client ::1:64060] PHP Fatal error:  Uncaught mysqli_sql_exception: Incorrect integer value: 'Test' for column 'status' at row 1 in C:\\localhost\\admin2_update.php:170\nStack trace:\n#0 C:\\localhost\\admin2_update.php(170): mysqli_query(Object(mysqli), 'UPDATE schedule...')\n#1 {main}\n  thrown in C:\\localhost\\admin2_update.php on line 170, referer: http://localhost/admin2_update.php
[Wed Mar 22 09:56:07.324654 2023] [php:error] [pid 2380:tid 1108] [client ::1:64064] PHP Fatal error:  Uncaught mysqli_sql_exception: Incorrect integer value: 'Test' for column 'status' at row 1 in C:\\localhost\\admin2_update.php:170\nStack trace:\n#0 C:\\localhost\\admin2_update.php(170): mysqli_query(Object(mysqli), 'UPDATE schedule...')\n#1 {main}\n  thrown in C:\\localhost\\admin2_update.php on line 170, referer: http://localhost/admin2_update.php
[Wed Mar 22 10:04:47.124985 2023] [php:error] [pid 2380:tid 1108] [client ::1:64215] PHP Fatal error:  Uncaught mysqli_sql_exception: You have an error in your SQL syntax; check the manual that corresponds to your MySQL server version for the right syntax to use near '3''' at line 1 in C:\\localhost\\admin2_delete.php:179\nStack trace:\n#0 C:\\localhost\\admin2_delete.php(179): mysqli_query(Object(mysqli), 'DELETE FROM app...')\n#1 {main}\n  thrown in C:\\localhost\\admin2_delete.php on line 179, referer: http://localhost/admin2_delete.php
[Wed Mar 22 10:08:59.075167 2023] [php:error] [pid 2380:tid 1092] [client ::1:64333] script 'C:/localhost/admin2_add.php' not found or unable to stat, referer: http://localhost/admin2_delete.php
[Wed Mar 22 10:12:24.025001 2023] [php:error] [pid 2380:tid 1080] [client ::1:64541] script 'C:/localhost/admin2_add.php' not found or unable to stat, referer: http://localhost/admin2_delete.php
[Wed Mar 22 10:13:19.026591 2023] [php:error] [pid 2380:tid 1084] [client ::1:64616] script 'C:/localhost/admin2_add.php' not found or unable to stat, referer: http://localhost/admin2_delete.php
[Wed Mar 22 23:14:54.272230 2023] [mpm_winnt:notice] [pid 9244:tid 408] AH00422: Parent: Received shutdown signal -- Shutting down the server.
[Wed Mar 22 23:14:54.300234 2023] [mpm_winnt:notice] [pid 9244:tid 408] AH00430: Parent: Child process 2380 exited successfully.
